2025-04-25 17:17:28,659 - INFO - Loading GreenGreens2 taxonomy... (this will take ~2 minutes)
2025-04-25 17:18:10,168 - INFO - GreenGreens2 taxonomy loaded
2025-04-25 17:18:10,170 - INFO - STEP 1: Converting BIOMs to dataframes.
2025-04-25 17:18:10,191 - INFO - STEP 2: Attaching taxonomy info and collapsing by taxonomy level.
2025-04-25 17:18:14,972 - WARNING - 1 features in the BIOM table do not have corresponding taxonomy information.
2025-04-25 17:18:15,281 - INFO - Looping through each taxonomy level and performing grouping.
2025-04-25 17:18:15,281 - WARNING - Some rows are missing taxonomy information for level Kingdom. These will be excluded.
2025-04-25 17:18:15,291 - WARNING - Some rows are missing taxonomy information for level Phylum. These will be excluded.
2025-04-25 17:18:15,296 - WARNING - Some rows are missing taxonomy information for level Class. These will be excluded.
2025-04-25 17:18:15,301 - WARNING - Some rows are missing taxonomy information for level Order. These will be excluded.
2025-04-25 17:18:15,307 - WARNING - Some rows are missing taxonomy information for level Family. These will be excluded.
2025-04-25 17:18:15,313 - WARNING - Some rows are missing taxonomy information for level Genus. These will be excluded.
2025-04-25 17:18:15,319 - WARNING - Some rows are missing taxonomy information for level Species. These will be excluded.
2025-04-25 17:18:15,324 - INFO - -----> COMPLETED: Taxonomy collapsed BIOM files successfully converted to DataFrames
2025-04-25 17:23:46,406 - INFO - Loading GreenGreens2 taxonomy... (this will take ~2 minutes)
2025-04-25 17:24:31,349 - INFO - GreenGreens2 taxonomy loaded
2025-04-25 17:24:31,349 - INFO - STEP 1: Converting BIOMs to dataframes.
2025-04-25 17:24:31,366 - INFO - STEP 2: Attaching taxonomy info and collapsing by taxonomy level.
2025-04-25 17:24:35,376 - INFO - Looping through each taxonomy level and performing grouping.
2025-04-25 17:24:35,414 - INFO - -----> COMPLETED: Taxonomy collapsed BIOM files successfully converted to DataFrames
2025-04-25 17:29:53,126 - INFO - Loading GreenGreens2 taxonomy... (this will take ~2 minutes)
2025-04-25 17:30:33,633 - INFO - GreenGreens2 taxonomy loaded
2025-04-25 17:30:33,633 - INFO - STEP 1: Converting BIOMs to dataframes.
2025-04-25 17:30:33,656 - INFO - STEP 2: Attaching taxonomy info and collapsing by taxonomy level.
2025-04-25 17:30:37,332 - WARNING - 1 features in the BIOM table do not have corresponding taxonomy information.
2025-04-25 17:30:37,622 - INFO - Looping through each taxonomy level and performing grouping.
2025-04-25 17:30:37,623 - WARNING - Some rows are missing taxonomy information for level Kingdom. These will be excluded.
2025-04-25 17:30:37,632 - INFO - Saved collapsed BIOM at Kingdom level: ../Data/Tables/Absolute_Abundance_Tables/209766_filtered_by_prevalence_5pct_rare_Kingdom.biom
2025-04-25 17:30:37,632 - WARNING - Some rows are missing taxonomy information for level Phylum. These will be excluded.
2025-04-25 17:30:37,637 - INFO - Saved collapsed BIOM at Phylum level: ../Data/Tables/Absolute_Abundance_Tables/209766_filtered_by_prevalence_5pct_rare_Phylum.biom
2025-04-25 17:30:37,637 - WARNING - Some rows are missing taxonomy information for level Class. These will be excluded.
2025-04-25 17:30:37,642 - INFO - Saved collapsed BIOM at Class level: ../Data/Tables/Absolute_Abundance_Tables/209766_filtered_by_prevalence_5pct_rare_Class.biom
2025-04-25 17:30:37,642 - WARNING - Some rows are missing taxonomy information for level Order. These will be excluded.
2025-04-25 17:30:37,648 - INFO - Saved collapsed BIOM at Order level: ../Data/Tables/Absolute_Abundance_Tables/209766_filtered_by_prevalence_5pct_rare_Order.biom
2025-04-25 17:30:37,648 - WARNING - Some rows are missing taxonomy information for level Family. These will be excluded.
2025-04-25 17:30:37,654 - INFO - Saved collapsed BIOM at Family level: ../Data/Tables/Absolute_Abundance_Tables/209766_filtered_by_prevalence_5pct_rare_Family.biom
2025-04-25 17:30:37,654 - WARNING - Some rows are missing taxonomy information for level Genus. These will be excluded.
2025-04-25 17:30:37,661 - INFO - Saved collapsed BIOM at Genus level: ../Data/Tables/Absolute_Abundance_Tables/209766_filtered_by_prevalence_5pct_rare_Genus.biom
2025-04-25 17:30:37,661 - WARNING - Some rows are missing taxonomy information for level Species. These will be excluded.
2025-04-25 17:30:37,666 - INFO - Saved collapsed BIOM at Species level: ../Data/Tables/Absolute_Abundance_Tables/209766_filtered_by_prevalence_5pct_rare_Species.biom
2025-04-25 17:30:37,666 - INFO - -----> COMPLETED: Taxonomy collapsed BIOM files successfully converted to DataFrames
2025-04-25 17:32:28,354 - INFO - Loading GreenGreens2 taxonomy... (this will take ~2 minutes)
2025-04-25 17:33:09,750 - INFO - GreenGreens2 taxonomy loaded
2025-04-25 17:33:09,750 - INFO - STEP 1: Converting BIOMs to dataframes.
2025-04-25 17:33:09,786 - INFO - STEP 2: Attaching taxonomy info and collapsing by taxonomy level.
2025-04-25 17:33:13,936 - WARNING - 3 features in the BIOM table do not have corresponding taxonomy information.
2025-04-25 17:33:14,266 - INFO - Looping through each taxonomy level and performing grouping.
2025-04-25 17:33:14,266 - WARNING - Some rows are missing taxonomy information for level Kingdom. These will be excluded.
2025-04-25 17:33:14,277 - INFO - Saved collapsed BIOM at Kingdom level: ../Data/Tables/Absolute_Abundance_Tables/209766_filtered_by_prevalence_1pct_rare_Kingdom.biom
2025-04-25 17:33:14,278 - WARNING - Some rows are missing taxonomy information for level Phylum. These will be excluded.
2025-04-25 17:33:14,284 - INFO - Saved collapsed BIOM at Phylum level: ../Data/Tables/Absolute_Abundance_Tables/209766_filtered_by_prevalence_1pct_rare_Phylum.biom
2025-04-25 17:33:14,284 - WARNING - Some rows are missing taxonomy information for level Class. These will be excluded.
2025-04-25 17:33:14,290 - INFO - Saved collapsed BIOM at Class level: ../Data/Tables/Absolute_Abundance_Tables/209766_filtered_by_prevalence_1pct_rare_Class.biom
2025-04-25 17:33:14,290 - WARNING - Some rows are missing taxonomy information for level Order. These will be excluded.
2025-04-25 17:33:14,297 - INFO - Saved collapsed BIOM at Order level: ../Data/Tables/Absolute_Abundance_Tables/209766_filtered_by_prevalence_1pct_rare_Order.biom
2025-04-25 17:33:14,297 - WARNING - Some rows are missing taxonomy information for level Family. These will be excluded.
2025-04-25 17:33:14,305 - INFO - Saved collapsed BIOM at Family level: ../Data/Tables/Absolute_Abundance_Tables/209766_filtered_by_prevalence_1pct_rare_Family.biom
2025-04-25 17:33:14,305 - WARNING - Some rows are missing taxonomy information for level Genus. These will be excluded.
2025-04-25 17:33:14,313 - INFO - Saved collapsed BIOM at Genus level: ../Data/Tables/Absolute_Abundance_Tables/209766_filtered_by_prevalence_1pct_rare_Genus.biom
2025-04-25 17:33:14,314 - WARNING - Some rows are missing taxonomy information for level Species. These will be excluded.
2025-04-25 17:33:14,321 - INFO - Saved collapsed BIOM at Species level: ../Data/Tables/Absolute_Abundance_Tables/209766_filtered_by_prevalence_1pct_rare_Species.biom
2025-04-25 17:33:14,321 - INFO - -----> COMPLETED: Taxonomy collapsed BIOM files successfully converted to DataFrames
2025-04-25 17:48:20,288 - INFO - Loading GreenGreens2 taxonomy... (this will take ~2 minutes)
2025-04-25 17:49:02,927 - INFO - GreenGreens2 taxonomy loaded
2025-04-25 17:49:02,928 - INFO - STEP 1: Converting BIOMs to dataframes.
2025-04-25 17:49:02,994 - INFO - STEP 2: Attaching taxonomy info and collapsing by taxonomy level.
2025-04-25 17:49:06,783 - WARNING - 22 features in the BIOM table do not have corresponding taxonomy information.
2025-04-25 17:49:07,192 - INFO - Looping through each taxonomy level and performing grouping.
2025-04-25 17:49:07,193 - WARNING - Some rows are missing taxonomy information for level Kingdom. These will be excluded.
2025-04-25 17:49:07,207 - INFO - Saved collapsed BIOM at Kingdom level: ../Data/Tables/Absolute_Abundance_Tables/209766_filtered_by_prevalence_0pct_rare_Kingdom.biom
2025-04-25 17:49:07,209 - WARNING - Some rows are missing taxonomy information for level Phylum. These will be excluded.
2025-04-25 17:49:07,217 - INFO - Saved collapsed BIOM at Phylum level: ../Data/Tables/Absolute_Abundance_Tables/209766_filtered_by_prevalence_0pct_rare_Phylum.biom
2025-04-25 17:49:07,218 - WARNING - Some rows are missing taxonomy information for level Class. These will be excluded.
2025-04-25 17:49:07,227 - INFO - Saved collapsed BIOM at Class level: ../Data/Tables/Absolute_Abundance_Tables/209766_filtered_by_prevalence_0pct_rare_Class.biom
2025-04-25 17:49:07,227 - WARNING - Some rows are missing taxonomy information for level Order. These will be excluded.
2025-04-25 17:49:07,237 - INFO - Saved collapsed BIOM at Order level: ../Data/Tables/Absolute_Abundance_Tables/209766_filtered_by_prevalence_0pct_rare_Order.biom
2025-04-25 17:49:07,237 - WARNING - Some rows are missing taxonomy information for level Family. These will be excluded.
2025-04-25 17:49:07,356 - INFO - Saved collapsed BIOM at Family level: ../Data/Tables/Absolute_Abundance_Tables/209766_filtered_by_prevalence_0pct_rare_Family.biom
2025-04-25 17:49:07,357 - WARNING - Some rows are missing taxonomy information for level Genus. These will be excluded.
2025-04-25 17:49:07,369 - INFO - Saved collapsed BIOM at Genus level: ../Data/Tables/Absolute_Abundance_Tables/209766_filtered_by_prevalence_0pct_rare_Genus.biom
2025-04-25 17:49:07,369 - WARNING - Some rows are missing taxonomy information for level Species. These will be excluded.
2025-04-25 17:49:07,379 - INFO - Saved collapsed BIOM at Species level: ../Data/Tables/Absolute_Abundance_Tables/209766_filtered_by_prevalence_0pct_rare_Species.biom
2025-04-25 17:49:07,379 - INFO - -----> COMPLETED: Taxonomy collapsed BIOM files successfully converted to DataFrames
