2024-11-15 11:42:32,928 - INFO - Starting relative abundance table creation process.
2024-11-15 11:42:32,929 - INFO - Processing ../Data/Tables/df_16S_filtered_feature_table_rare_Kingdom_absolute.biom...
2024-11-15 11:42:32,929 - INFO - Reading BIOM table from ../Data/Tables/df_16S_filtered_feature_table_rare_Kingdom_absolute.biom.
2024-11-15 11:42:32,951 - INFO - Successfully converted BIOM table from ../Data/Tables/df_16S_filtered_feature_table_rare_Kingdom_absolute.biom to DataFrame.
2024-11-15 11:42:32,951 - INFO - Converting DataFrame to relative abundance table.
2024-11-15 11:42:33,075 - INFO - Removed 248 columns with zero sum.
2024-11-15 11:42:33,237 - INFO - Successfully converted to relative abundance table.
2024-11-15 11:42:33,265 - INFO -              900221  900570  900092  900466  9003932  900091  900556  900301    900245  900581  900145  900329  900456  ...  900434  900063   900328a  900547  900263  Ca008HNL  900081  900501  900279  900304  900580  900484  9003972
d__Bacteria     1.0     1.0     1.0     1.0      1.0     1.0     1.0     1.0  0.999333     1.0     1.0     1.0     1.0  ...     1.0     1.0  0.999667     1.0     1.0       1.0     1.0     1.0     1.0     1.0     1.0     1.0      1.0
d__Archaea      0.0     0.0     0.0     0.0      0.0     0.0     0.0     0.0  0.000667     0.0     0.0     0.0     0.0  ...     0.0     0.0  0.000333     0.0     0.0       0.0     0.0     0.0     0.0     0.0     0.0     0.0      0.0

[2 rows x 254 columns]
2024-11-15 11:42:33,799 - INFO - Saving DataFrame to BIOM format at ../Data/Tables/Relative_Abundance_Tables/df_16S_filtered_feature_table_rare_Kingdom_relative_abundance.biom.
2024-11-15 11:42:34,264 - INFO - Successfully saved BIOM table to ../Data/Tables/Relative_Abundance_Tables/df_16S_filtered_feature_table_rare_Kingdom_relative_abundance.biom.
2024-11-15 11:42:34,264 - INFO - Processing ../Data/Tables/df_16S_filtered_feature_table_rare_Phylum_absolute.biom...
2024-11-15 11:42:34,264 - INFO - Reading BIOM table from ../Data/Tables/df_16S_filtered_feature_table_rare_Phylum_absolute.biom.
2024-11-15 11:42:34,287 - INFO - Successfully converted BIOM table from ../Data/Tables/df_16S_filtered_feature_table_rare_Phylum_absolute.biom to DataFrame.
2024-11-15 11:42:34,288 - INFO - Converting DataFrame to relative abundance table.
2024-11-15 11:42:34,434 - INFO - Removed 248 columns with zero sum.
2024-11-15 11:42:34,537 - INFO - Successfully converted to relative abundance table.
2024-11-15 11:42:34,555 - INFO -                        900221    900570    900092    900466   9003932    900091    900556    900301    900245    900581    900145  ...   900328a    900547    900263  Ca008HNL    900081    900501    900279    900304    900580    900484   9003972
p__Firmicutes_D      0.059667  0.428095     0.977     0.995  0.708333  0.122074  0.649333  0.982333     0.214  0.576667  0.021667  ...  0.282333  0.216667     0.306     0.978  0.424333  0.641881  0.341667  0.922667  0.985333  0.817333  0.454029
p__Proteobacteria    0.931333  0.119453  0.000333  0.000667  0.284667  0.258194  0.276667  0.001667     0.328  0.176333  0.003333  ...  0.116333      0.76     0.226  0.004333  0.361333  0.114705  0.171667     0.027  0.000667     0.138  0.146105
p__Actinobacteriota  0.005333  0.132132  0.016333     0.001     0.006  0.586622  0.044667  0.012333  0.274667     0.092     0.008  ...     0.524  0.006667  0.271333  0.017667  0.103667  0.053685  0.293667  0.041667     0.014  0.039667  0.170846
p__Bacteroidota         0.002  0.234902  0.006333  0.000333     0.001   0.03311  0.010333  0.001667  0.063333  0.104333  0.722667  ...  0.041667     0.012  0.108667       0.0  0.067333  0.099366     0.122  0.004333       0.0  0.002667  0.117686
p__Firmicutes_A      0.001333  0.024358       0.0  0.000667       0.0       0.0       0.0       0.0  0.031667  0.029333  0.230333  ...     0.009     0.002     0.045       0.0  0.032667  0.005002  0.037333     0.001       0.0       0.0  0.021063

[5 rows x 254 columns]
2024-11-15 11:42:34,905 - INFO - Saving DataFrame to BIOM format at ../Data/Tables/Relative_Abundance_Tables/df_16S_filtered_feature_table_rare_Phylum_relative_abundance.biom.
2024-11-15 11:42:35,290 - INFO - Successfully saved BIOM table to ../Data/Tables/Relative_Abundance_Tables/df_16S_filtered_feature_table_rare_Phylum_relative_abundance.biom.
2024-11-15 11:42:35,290 - INFO - Processing ../Data/Tables/df_16S_filtered_feature_table_rare_Class_absolute.biom...
2024-11-15 11:42:35,290 - INFO - Reading BIOM table from ../Data/Tables/df_16S_filtered_feature_table_rare_Class_absolute.biom.
2024-11-15 11:42:35,313 - INFO - Successfully converted BIOM table from ../Data/Tables/df_16S_filtered_feature_table_rare_Class_absolute.biom to DataFrame.
2024-11-15 11:42:35,314 - INFO - Converting DataFrame to relative abundance table.
2024-11-15 11:42:35,459 - INFO - Removed 248 columns with zero sum.
2024-11-15 11:42:35,540 - INFO - Successfully converted to relative abundance table.
2024-11-15 11:42:35,553 - INFO -                           900221    900570    900092    900466   9003932    900091    900556    900301    900245    900581  ...    900547    900263  Ca008HNL    900081    900501    900279    900304    900580    900484   9003972
c__Bacilli              0.059667  0.428095     0.977     0.995  0.708333  0.122074  0.649333  0.982333     0.214  0.576667  ...  0.216667     0.306     0.978  0.424333  0.641881  0.341667  0.922667  0.985333  0.817333  0.454029
c__Gammaproteobacteria  0.931333   0.09009  0.000333  0.000333  0.283333   0.25786  0.276667  0.001667  0.267333     0.163  ...      0.76  0.176667     0.004     0.345  0.093698     0.085  0.026333  0.000667     0.135  0.141424
c__Actinomycetia        0.005333  0.129463  0.016333     0.001     0.006  0.586622  0.043667  0.012333  0.271667     0.092  ...  0.006667  0.270667  0.017667  0.103667  0.053685  0.281333  0.041667     0.014  0.039667  0.170512
c__Bacteroidia             0.002  0.233233  0.006333  0.000333     0.001   0.03311  0.010333  0.001667  0.063333  0.104333  ...     0.012     0.106       0.0  0.067333  0.099366     0.122  0.004333       0.0  0.002667  0.117686
c__Clostridia_258483    0.001333  0.024358       0.0  0.000667       0.0       0.0       0.0       0.0  0.031667  0.029333  ...     0.002     0.045       0.0  0.032667  0.005002  0.037333     0.001       0.0       0.0  0.021063

[5 rows x 254 columns]
2024-11-15 11:42:35,885 - INFO - Saving DataFrame to BIOM format at ../Data/Tables/Relative_Abundance_Tables/df_16S_filtered_feature_table_rare_Class_relative_abundance.biom.
2024-11-15 11:42:36,230 - INFO - Successfully saved BIOM table to ../Data/Tables/Relative_Abundance_Tables/df_16S_filtered_feature_table_rare_Class_relative_abundance.biom.
2024-11-15 11:42:36,230 - INFO - Processing ../Data/Tables/df_16S_filtered_feature_table_rare_Order_absolute.biom...
2024-11-15 11:42:36,230 - INFO - Reading BIOM table from ../Data/Tables/df_16S_filtered_feature_table_rare_Order_absolute.biom.
2024-11-15 11:42:36,246 - INFO - Successfully converted BIOM table from ../Data/Tables/df_16S_filtered_feature_table_rare_Order_absolute.biom to DataFrame.
2024-11-15 11:42:36,247 - INFO - Converting DataFrame to relative abundance table.
2024-11-15 11:42:36,376 - INFO - Removed 248 columns with zero sum.
2024-11-15 11:42:36,474 - INFO - Successfully converted to relative abundance table.
2024-11-15 11:42:36,485 - INFO -                                 900221    900570    900092    900466   9003932    900091    900556    900301    900245    900581  ...    900547    900263  Ca008HNL    900081    900501    900279    900304    900580    900484   9003972
o__Lactobacillales            0.001333  0.182182     0.974     0.994  0.708333  0.020067  0.645667  0.001667  0.086333  0.056333  ...  0.212667  0.167333  0.000333     0.342  0.562187  0.065667  0.909333     0.942  0.817333  0.287195
o__Staphylococcales           0.058333  0.239239       0.0     0.001       0.0  0.081271  0.003667  0.980667     0.032  0.517333  ...     0.004  0.118667  0.977667  0.081333  0.079693  0.251667     0.009  0.043333       0.0  0.165496
o__Enterobacterales_A_737866       0.0   0.02636       0.0       0.0  0.283333  0.005686  0.255667       0.0  0.020333      0.04  ...      0.75     0.014  0.000667  0.192333  0.037012     0.044  0.022667  0.000333  0.132333  0.090271
o__Mycobacteriales            0.002333  0.012346  0.015333  0.000333     0.006  0.090301  0.036333  0.012333     0.183      0.01  ...     0.003  0.136667  0.016333  0.028667  0.005335     0.182  0.023333     0.014     0.039  0.025744
o__Pseudomonadales_660879     0.931333  0.034701       0.0       0.0       0.0  0.235117       0.0  0.000333  0.196333  0.025333  ...       0.0      0.05  0.002333  0.061667  0.029343  0.002333       0.0       0.0       0.0  0.012036

[5 rows x 254 columns]
2024-11-15 11:42:36,746 - INFO - Saving DataFrame to BIOM format at ../Data/Tables/Relative_Abundance_Tables/df_16S_filtered_feature_table_rare_Order_relative_abundance.biom.
2024-11-15 11:42:37,089 - INFO - Successfully saved BIOM table to ../Data/Tables/Relative_Abundance_Tables/df_16S_filtered_feature_table_rare_Order_relative_abundance.biom.
2024-11-15 11:42:37,089 - INFO - Processing ../Data/Tables/df_16S_filtered_feature_table_rare_Family_absolute.biom...
2024-11-15 11:42:37,089 - INFO - Reading BIOM table from ../Data/Tables/df_16S_filtered_feature_table_rare_Family_absolute.biom.
2024-11-15 11:42:37,111 - INFO - Successfully converted BIOM table from ../Data/Tables/df_16S_filtered_feature_table_rare_Family_absolute.biom to DataFrame.
2024-11-15 11:42:37,112 - INFO - Converting DataFrame to relative abundance table.
2024-11-15 11:42:37,218 - INFO - Removed 248 columns with zero sum.
2024-11-15 11:42:37,279 - INFO - Successfully converted to relative abundance table.
2024-11-15 11:42:37,289 - INFO -                         900221    900570    900092    900466   9003932    900091    900556    900301    900245    900581    900145  ...   900328a    900547    900263  Ca008HNL    900081    900501    900279    900304    900580    900484   9003972
f__Streptococcaceae   0.000667  0.122789  0.973333  0.971667  0.700333  0.017391  0.632667  0.001667     0.008  0.050667  0.011333  ...  0.086667  0.209333  0.153667  0.000333     0.242  0.539513  0.021667  0.904667  0.934667     0.703  0.243397
f__Staphylococcaceae  0.058333  0.236904       0.0     0.001       0.0  0.081271  0.001667  0.980667  0.017667  0.517333  0.000667  ...     0.024     0.004     0.103  0.977667  0.072333  0.058686  0.251667  0.006667  0.043333       0.0  0.127048
f__Pasteurellaceae         0.0  0.002002       0.0       0.0  0.283333       0.0     0.252       0.0       0.0  0.017333  0.001667  ...  0.076667      0.75  0.008333  0.000667  0.173667  0.030677  0.015667  0.022667  0.000333  0.132333  0.038114
f__Mycobacteriaceae   0.002333  0.012346  0.015333  0.000333     0.006  0.090301  0.036333  0.012333  0.170333      0.01  0.001333  ...     0.507     0.003     0.133  0.016333  0.028667  0.005335     0.182  0.023333     0.014     0.039  0.024741
f__Moraxellaceae      0.931333  0.034701       0.0       0.0       0.0  0.235117       0.0  0.000333  0.196333  0.025333     0.001  ...       0.0       0.0      0.05  0.002333  0.061667  0.029343  0.002333       0.0       0.0       0.0  0.012036

[5 rows x 254 columns]
2024-11-15 11:42:37,489 - INFO - Saving DataFrame to BIOM format at ../Data/Tables/Relative_Abundance_Tables/df_16S_filtered_feature_table_rare_Family_relative_abundance.biom.
2024-11-15 11:42:37,716 - INFO - Successfully saved BIOM table to ../Data/Tables/Relative_Abundance_Tables/df_16S_filtered_feature_table_rare_Family_relative_abundance.biom.
2024-11-15 11:42:37,716 - INFO - Processing ../Data/Tables/df_16S_filtered_feature_table_rare_Genus_absolute.biom...
2024-11-15 11:42:37,717 - INFO - Reading BIOM table from ../Data/Tables/df_16S_filtered_feature_table_rare_Genus_absolute.biom.
2024-11-15 11:42:37,728 - INFO - Successfully converted BIOM table from ../Data/Tables/df_16S_filtered_feature_table_rare_Genus_absolute.biom to DataFrame.
2024-11-15 11:42:37,729 - INFO - Converting DataFrame to relative abundance table.
2024-11-15 11:42:37,804 - INFO - Removed 248 columns with zero sum.
2024-11-15 11:42:37,907 - INFO - Successfully converted to relative abundance table.
2024-11-15 11:42:37,938 - INFO -                            900221    900570    900092    900466   9003932    900091    900556    900301    900245    900581  ...    900547    900263  Ca008HNL    900081    900501    900279    900304    900580    900484   9003972
g__Streptococcus         0.000667  0.120454  0.973333  0.971667  0.700333  0.017391  0.632667  0.001667  0.006333     0.049  ...  0.209333     0.153  0.000333     0.242  0.539513  0.021667  0.904667  0.934667     0.703  0.225343
g__Staphylococcus        0.058333  0.236904       0.0     0.001       0.0  0.081271  0.001667  0.980667  0.017667  0.517333  ...     0.004     0.103  0.977667  0.072333  0.058686  0.251667  0.006667  0.043333       0.0  0.127048
g__Haemophilus_D_734546       0.0  0.000667       0.0       0.0  0.283333       0.0     0.252       0.0       0.0     0.008  ...      0.75  0.001667       0.0  0.154333  0.014672  0.015667  0.022667  0.000333  0.132333  0.015714
g__                      0.002333  0.175843  0.006667  0.000333       0.0  0.411371  0.022333     0.003  0.280667  0.090667  ...  0.011667  0.106667  0.003667     0.147  0.093698     0.093     0.008  0.000333  0.007333  0.041792
g__Corynebacterium       0.002333  0.012346  0.015333  0.000333     0.006  0.090301  0.036333  0.012333      0.17      0.01  ...     0.003  0.132333  0.016333  0.027667  0.005335     0.182  0.023333     0.014     0.039  0.015045

[5 rows x 254 columns]
2024-11-15 11:42:38,263 - INFO - Saving DataFrame to BIOM format at ../Data/Tables/Relative_Abundance_Tables/df_16S_filtered_feature_table_rare_Genus_relative_abundance.biom.
2024-11-15 11:42:38,595 - INFO - Successfully saved BIOM table to ../Data/Tables/Relative_Abundance_Tables/df_16S_filtered_feature_table_rare_Genus_relative_abundance.biom.
2024-11-15 11:42:38,596 - INFO - Processing ../Data/Tables/df_16S_filtered_feature_table_rare_Species_absolute.biom...
2024-11-15 11:42:38,596 - INFO - Reading BIOM table from ../Data/Tables/df_16S_filtered_feature_table_rare_Species_absolute.biom.
2024-11-15 11:42:38,611 - INFO - Successfully converted BIOM table from ../Data/Tables/df_16S_filtered_feature_table_rare_Species_absolute.biom to DataFrame.
2024-11-15 11:42:38,612 - INFO - Converting DataFrame to relative abundance table.
2024-11-15 11:42:38,686 - INFO - Removed 248 columns with zero sum.
2024-11-15 11:42:38,745 - INFO - Successfully converted to relative abundance table.
2024-11-15 11:42:38,759 - INFO -                                            900221    900570    900092    900466   9003932    900091    900556    900301    900245    900581  ...    900547    900263  Ca008HNL    900081    900501    900279    900304    900580    900484   9003972
s__                                      0.997667  0.644645     0.984     0.975  0.701667  0.965552  0.686667  0.991667  0.848333  0.841333  ...      0.24  0.797333     0.988  0.656333  0.883294  0.661667  0.931333  0.978333  0.712333  0.582414
s__Haemophilus_D_734546 aegyptius             0.0  0.000667       0.0       0.0  0.283333       0.0     0.252       0.0       0.0     0.008  ...      0.75  0.001667       0.0  0.154333  0.014672  0.015667  0.022667  0.000333  0.132333  0.015714
s__Corynebacterium pseudodiphtheriticum       0.0       0.0  0.015333  0.000333     0.006       0.0  0.036333     0.006       0.0       0.0  ...  0.002333     0.003       0.0  0.011333       0.0       0.0  0.020667     0.014     0.039  0.000669
s__Prevotella copri                      0.000667  0.211211       0.0  0.000333     0.001  0.028763     0.001       0.0  0.011667     0.058  ...       0.0  0.050333       0.0  0.017333       0.0       0.0       0.0       0.0       0.0       0.0
s__Dolosigranulum pigrum                      0.0       0.0  0.000667  0.022333     0.008       0.0  0.011333       0.0       0.0       0.0  ...  0.002333  0.000333       0.0  0.089333       0.0       0.0     0.002  0.007333  0.114333       0.0

[5 rows x 254 columns]
2024-11-15 11:42:38,989 - INFO - Saving DataFrame to BIOM format at ../Data/Tables/Relative_Abundance_Tables/df_16S_filtered_feature_table_rare_Species_relative_abundance.biom.
2024-11-15 11:42:39,215 - INFO - Successfully saved BIOM table to ../Data/Tables/Relative_Abundance_Tables/df_16S_filtered_feature_table_rare_Species_relative_abundance.biom.
2024-11-15 11:42:39,215 - INFO - Completed relative abundance table creation process.
