2025-11-10 12:55:11,269 - INFO - Loading Greengenes2 taxonomy artifact...
2025-11-10 12:56:06,942 - INFO - Greengenes2 taxonomy successfully loaded.
2025-11-10 12:56:06,969 - INFO - Loaded BIOM ../Data/Tables/Count_Tables/5_209766_feature_table_dedup_prev-filt-10pct_rare-350.biom with shape (421, 120)
2025-11-10 12:56:08,007 - INFO - Saving all: 120 features, depth=350
2025-11-10 12:56:08,027 - INFO - Saved BIOM: ../Data/Tables/Count_Tables/6_209766_feature_table_dedup_prev-filt-10pct_rare-350_Genus-ASV_all.biom
2025-11-10 12:56:08,042 - INFO - FASTA written: ../Data/Fasta/5_209766_feature_table_dedup_prev-filt-10pct_rare-350_Genus-ASV_all.fasta (120 sequences)
2025-11-10 12:56:08,055 - INFO - Saving skin: 120 features, depth=350
2025-11-10 12:56:08,080 - INFO - Saved BIOM: ../Data/Tables/Count_Tables/6_209766_feature_table_dedup_prev-filt-10pct_rare-350_Genus-ASV_skin.biom
2025-11-10 12:56:08,097 - INFO - FASTA written: ../Data/Fasta/5_209766_feature_table_dedup_prev-filt-10pct_rare-350_Genus-ASV_skin.fasta (120 sequences)
2025-11-10 12:56:08,111 - INFO - Saving nasal: 120 features, depth=350
2025-11-10 12:56:08,122 - INFO - Saved BIOM: ../Data/Tables/Count_Tables/6_209766_feature_table_dedup_prev-filt-10pct_rare-350_Genus-ASV_nasal.biom
2025-11-10 12:56:08,137 - INFO - FASTA written: ../Data/Fasta/5_209766_feature_table_dedup_prev-filt-10pct_rare-350_Genus-ASV_nasal.fasta (120 sequences)
2025-11-10 12:56:08,137 - INFO - Completed: prefix=5_, prevalence=10pct, depth=350
2025-11-10 12:56:08,210 - INFO - Loaded BIOM ../Data/Tables/Count_Tables/5_209766_feature_table_dedup_prev-filt-10pct_rare-1000.biom with shape (334, 120)
2025-11-10 12:56:08,761 - INFO - Saving all: 120 features, depth=1000
2025-11-10 12:56:08,821 - INFO - Saved BIOM: ../Data/Tables/Count_Tables/6_209766_feature_table_dedup_prev-filt-10pct_rare-1000_Genus-ASV_all.biom
2025-11-10 12:56:08,863 - INFO - FASTA written: ../Data/Fasta/5_209766_feature_table_dedup_prev-filt-10pct_rare-1000_Genus-ASV_all.fasta (120 sequences)
2025-11-10 12:56:08,886 - INFO - Saving skin: 120 features, depth=1000
2025-11-10 12:56:08,903 - INFO - Saved BIOM: ../Data/Tables/Count_Tables/6_209766_feature_table_dedup_prev-filt-10pct_rare-1000_Genus-ASV_skin.biom
2025-11-10 12:56:08,919 - INFO - FASTA written: ../Data/Fasta/5_209766_feature_table_dedup_prev-filt-10pct_rare-1000_Genus-ASV_skin.fasta (120 sequences)
2025-11-10 12:56:08,933 - INFO - Saving nasal: 120 features, depth=1000
2025-11-10 12:56:08,943 - INFO - Saved BIOM: ../Data/Tables/Count_Tables/6_209766_feature_table_dedup_prev-filt-10pct_rare-1000_Genus-ASV_nasal.biom
2025-11-10 12:56:08,958 - INFO - FASTA written: ../Data/Fasta/5_209766_feature_table_dedup_prev-filt-10pct_rare-1000_Genus-ASV_nasal.fasta (120 sequences)
2025-11-10 12:56:08,958 - INFO - Completed: prefix=5_, prevalence=10pct, depth=1000
2025-11-10 12:56:08,968 - INFO - Loaded BIOM ../Data/Tables/Count_Tables/5_209766_feature_table_dedup_prev-filt-10pct_rare-1500.biom with shape (283, 120)
2025-11-10 12:56:09,413 - INFO - Saving all: 120 features, depth=1500
2025-11-10 12:56:09,429 - INFO - Saved BIOM: ../Data/Tables/Count_Tables/6_209766_feature_table_dedup_prev-filt-10pct_rare-1500_Genus-ASV_all.biom
2025-11-10 12:56:09,443 - INFO - FASTA written: ../Data/Fasta/5_209766_feature_table_dedup_prev-filt-10pct_rare-1500_Genus-ASV_all.fasta (120 sequences)
2025-11-10 12:56:09,456 - INFO - Saving skin: 120 features, depth=1500
2025-11-10 12:56:09,467 - INFO - Saved BIOM: ../Data/Tables/Count_Tables/6_209766_feature_table_dedup_prev-filt-10pct_rare-1500_Genus-ASV_skin.biom
2025-11-10 12:56:09,481 - INFO - FASTA written: ../Data/Fasta/5_209766_feature_table_dedup_prev-filt-10pct_rare-1500_Genus-ASV_skin.fasta (120 sequences)
2025-11-10 12:56:09,494 - INFO - Saving nasal: 120 features, depth=1500
2025-11-10 12:56:09,503 - INFO - Saved BIOM: ../Data/Tables/Count_Tables/6_209766_feature_table_dedup_prev-filt-10pct_rare-1500_Genus-ASV_nasal.biom
2025-11-10 12:56:09,517 - INFO - FASTA written: ../Data/Fasta/5_209766_feature_table_dedup_prev-filt-10pct_rare-1500_Genus-ASV_nasal.fasta (120 sequences)
2025-11-10 12:56:09,517 - INFO - Completed: prefix=5_, prevalence=10pct, depth=1500
2025-11-10 12:56:09,526 - INFO - Loaded BIOM ../Data/Tables/Count_Tables/5_209766_feature_table_dedup_prev-filt-10pct_rare-2000.biom with shape (252, 120)
2025-11-10 12:56:09,925 - INFO - Saving all: 120 features, depth=2000
2025-11-10 12:56:09,939 - INFO - Saved BIOM: ../Data/Tables/Count_Tables/6_209766_feature_table_dedup_prev-filt-10pct_rare-2000_Genus-ASV_all.biom
2025-11-10 12:56:09,954 - INFO - FASTA written: ../Data/Fasta/5_209766_feature_table_dedup_prev-filt-10pct_rare-2000_Genus-ASV_all.fasta (120 sequences)
2025-11-10 12:56:09,967 - INFO - Saving skin: 120 features, depth=2000
2025-11-10 12:56:09,977 - INFO - Saved BIOM: ../Data/Tables/Count_Tables/6_209766_feature_table_dedup_prev-filt-10pct_rare-2000_Genus-ASV_skin.biom
2025-11-10 12:56:09,991 - INFO - FASTA written: ../Data/Fasta/5_209766_feature_table_dedup_prev-filt-10pct_rare-2000_Genus-ASV_skin.fasta (120 sequences)
2025-11-10 12:56:10,004 - INFO - Saving nasal: 120 features, depth=2000
2025-11-10 12:56:10,012 - INFO - Saved BIOM: ../Data/Tables/Count_Tables/6_209766_feature_table_dedup_prev-filt-10pct_rare-2000_Genus-ASV_nasal.biom
2025-11-10 12:56:10,026 - INFO - FASTA written: ../Data/Fasta/5_209766_feature_table_dedup_prev-filt-10pct_rare-2000_Genus-ASV_nasal.fasta (120 sequences)
2025-11-10 12:56:10,026 - INFO - Completed: prefix=5_, prevalence=10pct, depth=2000
2025-11-10 12:56:10,040 - INFO - Loaded BIOM ../Data/Tables/Count_Tables/5_209766_feature_table_dedup_prev-filt-5pct_rare-350.biom with shape (427, 262)
2025-11-10 12:56:11,241 - INFO - Saving all: 261 features, depth=350
2025-11-10 12:56:11,264 - INFO - Saved BIOM: ../Data/Tables/Count_Tables/6_209766_feature_table_dedup_prev-filt-5pct_rare-350_Genus-ASV_all.biom
2025-11-10 12:56:11,294 - INFO - FASTA written: ../Data/Fasta/5_209766_feature_table_dedup_prev-filt-5pct_rare-350_Genus-ASV_all.fasta (261 sequences)
2025-11-10 12:56:11,323 - INFO - Saving skin: 261 features, depth=350
2025-11-10 12:56:11,339 - INFO - Saved BIOM: ../Data/Tables/Count_Tables/6_209766_feature_table_dedup_prev-filt-5pct_rare-350_Genus-ASV_skin.biom
2025-11-10 12:56:11,369 - INFO - FASTA written: ../Data/Fasta/5_209766_feature_table_dedup_prev-filt-5pct_rare-350_Genus-ASV_skin.fasta (261 sequences)
2025-11-10 12:56:11,396 - INFO - Saving nasal: 247 features, depth=350
2025-11-10 12:56:11,408 - INFO - Saved BIOM: ../Data/Tables/Count_Tables/6_209766_feature_table_dedup_prev-filt-5pct_rare-350_Genus-ASV_nasal.biom
2025-11-10 12:56:11,436 - INFO - FASTA written: ../Data/Fasta/5_209766_feature_table_dedup_prev-filt-5pct_rare-350_Genus-ASV_nasal.fasta (247 sequences)
2025-11-10 12:56:11,436 - INFO - Completed: prefix=5_, prevalence=5pct, depth=350
2025-11-10 12:56:11,450 - INFO - Loaded BIOM ../Data/Tables/Count_Tables/5_209766_feature_table_dedup_prev-filt-5pct_rare-1000.biom with shape (344, 262)
2025-11-10 12:56:12,464 - INFO - Saving all: 261 features, depth=1000
2025-11-10 12:56:12,484 - INFO - Saved BIOM: ../Data/Tables/Count_Tables/6_209766_feature_table_dedup_prev-filt-5pct_rare-1000_Genus-ASV_all.biom
2025-11-10 12:56:12,514 - INFO - FASTA written: ../Data/Fasta/5_209766_feature_table_dedup_prev-filt-5pct_rare-1000_Genus-ASV_all.fasta (261 sequences)
2025-11-10 12:56:12,541 - INFO - Saving skin: 261 features, depth=1000
2025-11-10 12:56:12,556 - INFO - Saved BIOM: ../Data/Tables/Count_Tables/6_209766_feature_table_dedup_prev-filt-5pct_rare-1000_Genus-ASV_skin.biom
2025-11-10 12:56:12,586 - INFO - FASTA written: ../Data/Fasta/5_209766_feature_table_dedup_prev-filt-5pct_rare-1000_Genus-ASV_skin.fasta (261 sequences)
2025-11-10 12:56:12,614 - INFO - Saving nasal: 255 features, depth=1000
2025-11-10 12:56:12,626 - INFO - Saved BIOM: ../Data/Tables/Count_Tables/6_209766_feature_table_dedup_prev-filt-5pct_rare-1000_Genus-ASV_nasal.biom
2025-11-10 12:56:12,656 - INFO - FASTA written: ../Data/Fasta/5_209766_feature_table_dedup_prev-filt-5pct_rare-1000_Genus-ASV_nasal.fasta (255 sequences)
2025-11-10 12:56:12,656 - INFO - Completed: prefix=5_, prevalence=5pct, depth=1000
2025-11-10 12:56:12,668 - INFO - Loaded BIOM ../Data/Tables/Count_Tables/5_209766_feature_table_dedup_prev-filt-5pct_rare-1500.biom with shape (298, 262)
2025-11-10 12:56:13,535 - INFO - Saving all: 261 features, depth=1500
2025-11-10 12:56:13,554 - INFO - Saved BIOM: ../Data/Tables/Count_Tables/6_209766_feature_table_dedup_prev-filt-5pct_rare-1500_Genus-ASV_all.biom
2025-11-10 12:56:13,584 - INFO - FASTA written: ../Data/Fasta/5_209766_feature_table_dedup_prev-filt-5pct_rare-1500_Genus-ASV_all.fasta (261 sequences)
2025-11-10 12:56:13,612 - INFO - Saving skin: 261 features, depth=1500
2025-11-10 12:56:13,626 - INFO - Saved BIOM: ../Data/Tables/Count_Tables/6_209766_feature_table_dedup_prev-filt-5pct_rare-1500_Genus-ASV_skin.biom
2025-11-10 12:56:13,656 - INFO - FASTA written: ../Data/Fasta/5_209766_feature_table_dedup_prev-filt-5pct_rare-1500_Genus-ASV_skin.fasta (261 sequences)
2025-11-10 12:56:13,683 - INFO - Saving nasal: 252 features, depth=1500
2025-11-10 12:56:13,694 - INFO - Saved BIOM: ../Data/Tables/Count_Tables/6_209766_feature_table_dedup_prev-filt-5pct_rare-1500_Genus-ASV_nasal.biom
2025-11-10 12:56:13,723 - INFO - FASTA written: ../Data/Fasta/5_209766_feature_table_dedup_prev-filt-5pct_rare-1500_Genus-ASV_nasal.fasta (252 sequences)
2025-11-10 12:56:13,723 - INFO - Completed: prefix=5_, prevalence=5pct, depth=1500
2025-11-10 12:56:13,735 - INFO - Loaded BIOM ../Data/Tables/Count_Tables/5_209766_feature_table_dedup_prev-filt-5pct_rare-2000.biom with shape (260, 262)
2025-11-10 12:56:14,451 - INFO - Saving all: 261 features, depth=2000
2025-11-10 12:56:14,469 - INFO - Saved BIOM: ../Data/Tables/Count_Tables/6_209766_feature_table_dedup_prev-filt-5pct_rare-2000_Genus-ASV_all.biom
2025-11-10 12:56:14,499 - INFO - FASTA written: ../Data/Fasta/5_209766_feature_table_dedup_prev-filt-5pct_rare-2000_Genus-ASV_all.fasta (261 sequences)
2025-11-10 12:56:14,583 - INFO - Saving skin: 261 features, depth=2000
2025-11-10 12:56:14,596 - INFO - Saved BIOM: ../Data/Tables/Count_Tables/6_209766_feature_table_dedup_prev-filt-5pct_rare-2000_Genus-ASV_skin.biom
2025-11-10 12:56:14,626 - INFO - FASTA written: ../Data/Fasta/5_209766_feature_table_dedup_prev-filt-5pct_rare-2000_Genus-ASV_skin.fasta (261 sequences)
2025-11-10 12:56:14,653 - INFO - Saving nasal: 252 features, depth=2000
2025-11-10 12:56:14,663 - INFO - Saved BIOM: ../Data/Tables/Count_Tables/6_209766_feature_table_dedup_prev-filt-5pct_rare-2000_Genus-ASV_nasal.biom
2025-11-10 12:56:14,693 - INFO - FASTA written: ../Data/Fasta/5_209766_feature_table_dedup_prev-filt-5pct_rare-2000_Genus-ASV_nasal.fasta (252 sequences)
2025-11-10 12:56:14,693 - INFO - Completed: prefix=5_, prevalence=5pct, depth=2000
2025-11-10 12:56:14,722 - INFO - Loaded BIOM ../Data/Tables/Count_Tables/5_209766_feature_table_dedup_prev-filt-1pct_rare-350.biom with shape (431, 868)
2025-11-10 12:56:17,888 - INFO - Saving all: 837 features, depth=350
2025-11-10 12:56:17,923 - INFO - Saved BIOM: ../Data/Tables/Count_Tables/6_209766_feature_table_dedup_prev-filt-1pct_rare-350_Genus-ASV_all.biom
2025-11-10 12:56:18,018 - INFO - FASTA written: ../Data/Fasta/5_209766_feature_table_dedup_prev-filt-1pct_rare-350_Genus-ASV_all.fasta (837 sequences)
2025-11-10 12:56:18,107 - INFO - Saving skin: 809 features, depth=350
2025-11-10 12:56:18,133 - INFO - Saved BIOM: ../Data/Tables/Count_Tables/6_209766_feature_table_dedup_prev-filt-1pct_rare-350_Genus-ASV_skin.biom
2025-11-10 12:56:18,225 - INFO - FASTA written: ../Data/Fasta/5_209766_feature_table_dedup_prev-filt-1pct_rare-350_Genus-ASV_skin.fasta (809 sequences)
2025-11-10 12:56:18,308 - INFO - Saving nasal: 534 features, depth=350
2025-11-10 12:56:18,323 - INFO - Saved BIOM: ../Data/Tables/Count_Tables/6_209766_feature_table_dedup_prev-filt-1pct_rare-350_Genus-ASV_nasal.biom
2025-11-10 12:56:18,383 - INFO - FASTA written: ../Data/Fasta/5_209766_feature_table_dedup_prev-filt-1pct_rare-350_Genus-ASV_nasal.fasta (534 sequences)
2025-11-10 12:56:18,383 - INFO - Completed: prefix=5_, prevalence=1pct, depth=350
2025-11-10 12:56:18,412 - INFO - Loaded BIOM ../Data/Tables/Count_Tables/5_209766_feature_table_dedup_prev-filt-1pct_rare-1000.biom with shape (355, 868)
2025-11-10 12:56:20,970 - INFO - Saving all: 859 features, depth=1000
2025-11-10 12:56:21,004 - INFO - Saved BIOM: ../Data/Tables/Count_Tables/6_209766_feature_table_dedup_prev-filt-1pct_rare-1000_Genus-ASV_all.biom
2025-11-10 12:56:21,101 - INFO - FASTA written: ../Data/Fasta/5_209766_feature_table_dedup_prev-filt-1pct_rare-1000_Genus-ASV_all.fasta (859 sequences)
2025-11-10 12:56:21,193 - INFO - Saving skin: 849 features, depth=1000
2025-11-10 12:56:21,218 - INFO - Saved BIOM: ../Data/Tables/Count_Tables/6_209766_feature_table_dedup_prev-filt-1pct_rare-1000_Genus-ASV_skin.biom
2025-11-10 12:56:21,315 - INFO - FASTA written: ../Data/Fasta/5_209766_feature_table_dedup_prev-filt-1pct_rare-1000_Genus-ASV_skin.fasta (849 sequences)
2025-11-10 12:56:21,400 - INFO - Saving nasal: 619 features, depth=1000
2025-11-10 12:56:21,417 - INFO - Saved BIOM: ../Data/Tables/Count_Tables/6_209766_feature_table_dedup_prev-filt-1pct_rare-1000_Genus-ASV_nasal.biom
2025-11-10 12:56:21,487 - INFO - FASTA written: ../Data/Fasta/5_209766_feature_table_dedup_prev-filt-1pct_rare-1000_Genus-ASV_nasal.fasta (619 sequences)
2025-11-10 12:56:21,487 - INFO - Completed: prefix=5_, prevalence=1pct, depth=1000
2025-11-10 12:56:21,575 - INFO - Loaded BIOM ../Data/Tables/Count_Tables/5_209766_feature_table_dedup_prev-filt-1pct_rare-1500.biom with shape (309, 868)
2025-11-10 12:56:23,845 - INFO - Saving all: 859 features, depth=1500
2025-11-10 12:56:23,879 - INFO - Saved BIOM: ../Data/Tables/Count_Tables/6_209766_feature_table_dedup_prev-filt-1pct_rare-1500_Genus-ASV_all.biom
2025-11-10 12:56:23,977 - INFO - FASTA written: ../Data/Fasta/5_209766_feature_table_dedup_prev-filt-1pct_rare-1500_Genus-ASV_all.fasta (859 sequences)
2025-11-10 12:56:24,067 - INFO - Saving skin: 852 features, depth=1500
2025-11-10 12:56:24,092 - INFO - Saved BIOM: ../Data/Tables/Count_Tables/6_209766_feature_table_dedup_prev-filt-1pct_rare-1500_Genus-ASV_skin.biom
2025-11-10 12:56:24,192 - INFO - FASTA written: ../Data/Fasta/5_209766_feature_table_dedup_prev-filt-1pct_rare-1500_Genus-ASV_skin.fasta (852 sequences)
2025-11-10 12:56:24,284 - INFO - Saving nasal: 611 features, depth=1500
2025-11-10 12:56:24,301 - INFO - Saved BIOM: ../Data/Tables/Count_Tables/6_209766_feature_table_dedup_prev-filt-1pct_rare-1500_Genus-ASV_nasal.biom
2025-11-10 12:56:24,371 - INFO - FASTA written: ../Data/Fasta/5_209766_feature_table_dedup_prev-filt-1pct_rare-1500_Genus-ASV_nasal.fasta (611 sequences)
2025-11-10 12:56:24,372 - INFO - Completed: prefix=5_, prevalence=1pct, depth=1500
2025-11-10 12:56:24,400 - INFO - Loaded BIOM ../Data/Tables/Count_Tables/5_209766_feature_table_dedup_prev-filt-1pct_rare-2000.biom with shape (271, 868)
2025-11-10 12:56:26,380 - INFO - Saving all: 857 features, depth=2000
2025-11-10 12:56:26,409 - INFO - Saved BIOM: ../Data/Tables/Count_Tables/6_209766_feature_table_dedup_prev-filt-1pct_rare-2000_Genus-ASV_all.biom
2025-11-10 12:56:26,506 - INFO - FASTA written: ../Data/Fasta/5_209766_feature_table_dedup_prev-filt-1pct_rare-2000_Genus-ASV_all.fasta (857 sequences)
2025-11-10 12:56:26,596 - INFO - Saving skin: 847 features, depth=2000
2025-11-10 12:56:26,619 - INFO - Saved BIOM: ../Data/Tables/Count_Tables/6_209766_feature_table_dedup_prev-filt-1pct_rare-2000_Genus-ASV_skin.biom
2025-11-10 12:56:26,717 - INFO - FASTA written: ../Data/Fasta/5_209766_feature_table_dedup_prev-filt-1pct_rare-2000_Genus-ASV_skin.fasta (847 sequences)
2025-11-10 12:56:26,804 - INFO - Saving nasal: 616 features, depth=2000
2025-11-10 12:56:26,821 - INFO - Saved BIOM: ../Data/Tables/Count_Tables/6_209766_feature_table_dedup_prev-filt-1pct_rare-2000_Genus-ASV_nasal.biom
2025-11-10 12:56:26,892 - INFO - FASTA written: ../Data/Fasta/5_209766_feature_table_dedup_prev-filt-1pct_rare-2000_Genus-ASV_nasal.fasta (616 sequences)
2025-11-10 12:56:26,892 - INFO - Completed: prefix=5_, prevalence=1pct, depth=2000
2025-11-10 12:56:27,012 - INFO - Loaded BIOM ../Data/Tables/Count_Tables/5_209766_feature_table_dedup_prev-filt-0pct_rare-350.biom with shape (432, 2283)
2025-11-10 12:56:32,961 - INFO - Saving all: 1420 features, depth=350
2025-11-10 12:56:33,007 - INFO - Saved BIOM: ../Data/Tables/Count_Tables/6_209766_feature_table_dedup_prev-filt-0pct_rare-350_Genus-ASV_all.biom
2025-11-10 12:56:33,175 - INFO - FASTA written: ../Data/Fasta/5_209766_feature_table_dedup_prev-filt-0pct_rare-350_Genus-ASV_all.fasta (1420 sequences)
2025-11-10 12:56:33,452 - INFO - Saving skin: 1322 features, depth=350
2025-11-10 12:56:33,486 - INFO - Saved BIOM: ../Data/Tables/Count_Tables/6_209766_feature_table_dedup_prev-filt-0pct_rare-350_Genus-ASV_skin.biom
2025-11-10 12:56:33,640 - INFO - FASTA written: ../Data/Fasta/5_209766_feature_table_dedup_prev-filt-0pct_rare-350_Genus-ASV_skin.fasta (1322 sequences)
2025-11-10 12:56:33,834 - INFO - Saving nasal: 636 features, depth=350
2025-11-10 12:56:33,852 - INFO - Saved BIOM: ../Data/Tables/Count_Tables/6_209766_feature_table_dedup_prev-filt-0pct_rare-350_Genus-ASV_nasal.biom
2025-11-10 12:56:33,924 - INFO - FASTA written: ../Data/Fasta/5_209766_feature_table_dedup_prev-filt-0pct_rare-350_Genus-ASV_nasal.fasta (636 sequences)
2025-11-10 12:56:33,924 - INFO - Completed: prefix=5_, prevalence=0pct, depth=350
2025-11-10 12:56:33,984 - INFO - Loaded BIOM ../Data/Tables/Count_Tables/5_209766_feature_table_dedup_prev-filt-0pct_rare-1000.biom with shape (359, 2283)
2025-11-10 12:56:39,118 - INFO - Saving all: 1683 features, depth=1000
2025-11-10 12:56:39,166 - INFO - Saved BIOM: ../Data/Tables/Count_Tables/6_209766_feature_table_dedup_prev-filt-0pct_rare-1000_Genus-ASV_all.biom
2025-11-10 12:56:39,358 - INFO - FASTA written: ../Data/Fasta/5_209766_feature_table_dedup_prev-filt-0pct_rare-1000_Genus-ASV_all.fasta (1683 sequences)
2025-11-10 12:56:39,640 - INFO - Saving skin: 1576 features, depth=1000
2025-11-10 12:56:39,678 - INFO - Saved BIOM: ../Data/Tables/Count_Tables/6_209766_feature_table_dedup_prev-filt-0pct_rare-1000_Genus-ASV_skin.biom
2025-11-10 12:56:39,861 - INFO - FASTA written: ../Data/Fasta/5_209766_feature_table_dedup_prev-filt-0pct_rare-1000_Genus-ASV_skin.fasta (1576 sequences)
2025-11-10 12:56:40,060 - INFO - Saving nasal: 773 features, depth=1000
2025-11-10 12:56:40,079 - INFO - Saved BIOM: ../Data/Tables/Count_Tables/6_209766_feature_table_dedup_prev-filt-0pct_rare-1000_Genus-ASV_nasal.biom
2025-11-10 12:56:40,167 - INFO - FASTA written: ../Data/Fasta/5_209766_feature_table_dedup_prev-filt-0pct_rare-1000_Genus-ASV_nasal.fasta (773 sequences)
2025-11-10 12:56:40,167 - INFO - Completed: prefix=5_, prevalence=0pct, depth=1000
2025-11-10 12:56:40,286 - INFO - Loaded BIOM ../Data/Tables/Count_Tables/5_209766_feature_table_dedup_prev-filt-0pct_rare-1500.biom with shape (309, 2283)
2025-11-10 12:56:44,778 - INFO - Saving all: 1737 features, depth=1500
2025-11-10 12:56:44,825 - INFO - Saved BIOM: ../Data/Tables/Count_Tables/6_209766_feature_table_dedup_prev-filt-0pct_rare-1500_Genus-ASV_all.biom
2025-11-10 12:56:45,024 - INFO - FASTA written: ../Data/Fasta/5_209766_feature_table_dedup_prev-filt-0pct_rare-1500_Genus-ASV_all.fasta (1737 sequences)
2025-11-10 12:56:45,249 - INFO - Saving skin: 1645 features, depth=1500
2025-11-10 12:56:45,286 - INFO - Saved BIOM: ../Data/Tables/Count_Tables/6_209766_feature_table_dedup_prev-filt-0pct_rare-1500_Genus-ASV_skin.biom
2025-11-10 12:56:45,476 - INFO - FASTA written: ../Data/Fasta/5_209766_feature_table_dedup_prev-filt-0pct_rare-1500_Genus-ASV_skin.fasta (1645 sequences)
2025-11-10 12:56:45,736 - INFO - Saving nasal: 781 features, depth=1500
2025-11-10 12:56:45,755 - INFO - Saved BIOM: ../Data/Tables/Count_Tables/6_209766_feature_table_dedup_prev-filt-0pct_rare-1500_Genus-ASV_nasal.biom
2025-11-10 12:56:45,845 - INFO - FASTA written: ../Data/Fasta/5_209766_feature_table_dedup_prev-filt-0pct_rare-1500_Genus-ASV_nasal.fasta (781 sequences)
2025-11-10 12:56:45,845 - INFO - Completed: prefix=5_, prevalence=0pct, depth=1500
2025-11-10 12:56:45,903 - INFO - Loaded BIOM ../Data/Tables/Count_Tables/5_209766_feature_table_dedup_prev-filt-0pct_rare-2000.biom with shape (274, 2283)
2025-11-10 12:56:49,873 - INFO - Saving all: 1733 features, depth=2000
2025-11-10 12:56:49,917 - INFO - Saved BIOM: ../Data/Tables/Count_Tables/6_209766_feature_table_dedup_prev-filt-0pct_rare-2000_Genus-ASV_all.biom
2025-11-10 12:56:50,117 - INFO - FASTA written: ../Data/Fasta/5_209766_feature_table_dedup_prev-filt-0pct_rare-2000_Genus-ASV_all.fasta (1733 sequences)
2025-11-10 12:56:50,345 - INFO - Saving skin: 1637 features, depth=2000
2025-11-10 12:56:50,379 - INFO - Saved BIOM: ../Data/Tables/Count_Tables/6_209766_feature_table_dedup_prev-filt-0pct_rare-2000_Genus-ASV_skin.biom
2025-11-10 12:56:50,573 - INFO - FASTA written: ../Data/Fasta/5_209766_feature_table_dedup_prev-filt-0pct_rare-2000_Genus-ASV_skin.fasta (1637 sequences)
2025-11-10 12:56:50,841 - INFO - Saving nasal: 760 features, depth=2000
2025-11-10 12:56:50,860 - INFO - Saved BIOM: ../Data/Tables/Count_Tables/6_209766_feature_table_dedup_prev-filt-0pct_rare-2000_Genus-ASV_nasal.biom
2025-11-10 12:56:50,947 - INFO - FASTA written: ../Data/Fasta/5_209766_feature_table_dedup_prev-filt-0pct_rare-2000_Genus-ASV_nasal.fasta (760 sequences)
2025-11-10 12:56:50,947 - INFO - Completed: prefix=5_, prevalence=0pct, depth=2000
2025-11-10 12:56:50,947 - INFO - All taxonomy mappings, BIOMs, and FASTAs completed (ALL, SKIN, NASAL).
