2025-05-03 20:50:09,565 - INFO - Loading GreenGreens2 taxonomy...
2025-05-03 20:50:56,202 - INFO - Taxonomy loaded
2025-05-03 20:50:56,203 - INFO - Processing 10pct threshold at Phylum level
2025-05-03 20:50:57,492 - INFO - Saved mapped BIOM file for Phylum at 10pct: ../Data/Tables/Absolute_Abundance_Tables/209766_filtered_by_prevalence_10pct_rare_Phylum-ASV-non-collapse.biom
2025-05-03 20:50:57,493 - INFO - Processing 5pct threshold at Phylum level
2025-05-03 20:50:57,549 - WARNING - Some ASVs are missing taxonomy assignments at Phylum level for 5pct.
2025-05-03 20:50:58,024 - INFO - Saved mapped BIOM file for Phylum at 5pct: ../Data/Tables/Absolute_Abundance_Tables/209766_filtered_by_prevalence_5pct_rare_Phylum-ASV-non-collapse.biom
2025-05-03 20:50:58,026 - INFO - Processing 1pct threshold at Phylum level
2025-05-03 20:50:58,106 - WARNING - Some ASVs are missing taxonomy assignments at Phylum level for 1pct.
2025-05-03 20:50:58,808 - INFO - Saved mapped BIOM file for Phylum at 1pct: ../Data/Tables/Absolute_Abundance_Tables/209766_filtered_by_prevalence_1pct_rare_Phylum-ASV-non-collapse.biom
2025-05-03 20:50:58,810 - INFO - All taxonomy mappings completed for all prevalence thresholds.
2025-05-31 15:51:18,253 - INFO - Loading GreenGreens2 taxonomy...
2025-05-31 15:52:23,090 - INFO - Taxonomy loaded
2025-05-31 15:52:23,090 - INFO - Processing 10pct threshold at Phylum level
2025-05-31 15:52:23,748 - INFO - Saved mapped BIOM file for Phylum at 10pct: ../Data/Tables/Absolute_Abundance_Tables/209766_filtered_by_prevalence_10pct_rare_Phylum-ASV-non-collapse.biom
2025-05-31 15:52:23,749 - INFO - Processing 5pct threshold at Phylum level
2025-05-31 15:52:23,794 - WARNING - Some ASVs are missing taxonomy assignments at Phylum level for 5pct.
2025-05-31 15:52:24,135 - INFO - Saved mapped BIOM file for Phylum at 5pct: ../Data/Tables/Absolute_Abundance_Tables/209766_filtered_by_prevalence_5pct_rare_Phylum-ASV-non-collapse.biom
2025-05-31 15:52:24,136 - INFO - Processing 1pct threshold at Phylum level
2025-05-31 15:52:24,264 - WARNING - Some ASVs are missing taxonomy assignments at Phylum level for 1pct.
2025-05-31 15:52:24,822 - INFO - Saved mapped BIOM file for Phylum at 1pct: ../Data/Tables/Absolute_Abundance_Tables/209766_filtered_by_prevalence_1pct_rare_Phylum-ASV-non-collapse.biom
2025-05-31 15:52:24,823 - INFO - All taxonomy mappings completed for all prevalence thresholds.
2025-05-31 16:01:56,519 - INFO - Loading GreenGreens2 taxonomy...
2025-05-31 16:02:41,708 - INFO - Taxonomy loaded
2025-05-31 16:02:41,708 - INFO - Processing 10pct threshold at Phylum level
2025-05-31 16:02:42,085 - ERROR - Error in main execution: Columns must be same length as key
2025-05-31 16:07:52,400 - INFO - Loading GreenGreens2 taxonomy...
2025-05-31 16:08:38,843 - INFO - Taxonomy loaded
2025-05-31 16:08:38,843 - INFO - Processing 10pct threshold at Phylum level
2025-05-31 16:08:39,477 - INFO - Saved mapped BIOM file for Phylum at 10pct: ../Data/Tables/Absolute_Abundance_Tables/209766_filtered_by_prevalence_10pct_rare_Phylum-ASV-non-collapse.biom
2025-05-31 16:08:39,477 - INFO - Processing 5pct threshold at Phylum level
2025-05-31 16:08:39,523 - WARNING - Some ASVs are missing taxonomy assignments at Phylum level for 5pct.
2025-05-31 16:08:39,929 - INFO - Saved mapped BIOM file for Phylum at 5pct: ../Data/Tables/Absolute_Abundance_Tables/209766_filtered_by_prevalence_5pct_rare_Phylum-ASV-non-collapse.biom
2025-05-31 16:08:39,930 - INFO - Processing 1pct threshold at Phylum level
2025-05-31 16:08:39,997 - WARNING - Some ASVs are missing taxonomy assignments at Phylum level for 1pct.
2025-05-31 16:08:40,588 - INFO - Saved mapped BIOM file for Phylum at 1pct: ../Data/Tables/Absolute_Abundance_Tables/209766_filtered_by_prevalence_1pct_rare_Phylum-ASV-non-collapse.biom
2025-05-31 16:08:40,590 - INFO - All taxonomy mappings completed for all prevalence thresholds.
2025-05-31 16:16:54,644 - INFO - Loading GreenGreens2 taxonomy...
2025-05-31 16:17:39,876 - INFO - Taxonomy loaded
2025-05-31 16:17:39,876 - INFO - Processing 1pct threshold at Genus level
2025-05-31 16:17:40,302 - WARNING - Some ASVs are missing taxonomy assignments at Genus level for 1pct.
2025-05-31 16:17:43,392 - INFO - Saved mapped BIOM file for Genus at 1pct: ../Data/Tables/Absolute_Abundance_Tables/209766_filtered_by_prevalence_1pct_rare_Genus-ASV-non-collapse.biom
2025-05-31 16:17:43,395 - INFO - All taxonomy mappings completed for all prevalence thresholds.
2025-05-31 16:19:10,410 - INFO - Loading GreenGreens2 taxonomy...
2025-05-31 16:20:10,447 - INFO - Taxonomy loaded
2025-05-31 16:20:10,447 - INFO - Processing 1pct threshold at Genus level
2025-05-31 16:20:10,898 - WARNING - Some ASVs are missing taxonomy assignments at Genus level for 1pct.
2025-05-31 16:20:14,030 - INFO - Saved mapped BIOM file for Genus at 1pct: ../Data/Tables/Absolute_Abundance_Tables/209766_filtered_by_prevalence_1pct_rare_Genus-ASV-non-collapse.biom
2025-05-31 16:20:14,033 - INFO - All taxonomy mappings completed for all prevalence thresholds.
2025-05-31 16:20:42,899 - INFO - Loading GreenGreens2 taxonomy...
2025-05-31 16:21:31,265 - INFO - Taxonomy loaded
2025-05-31 16:21:31,266 - INFO - Processing 1pct threshold at Genus level
2025-05-31 16:21:31,670 - WARNING - Some ASVs are missing taxonomy assignments at Genus level for 1pct.
2025-05-31 16:21:34,952 - INFO - Saved mapped BIOM file for Genus at 1pct: ../Data/Tables/Absolute_Abundance_Tables/209766_filtered_by_prevalence_1pct_rare_Genus-ASV-non-collapse.biom
2025-05-31 16:21:34,956 - INFO - All taxonomy mappings completed for all prevalence thresholds.
2025-05-31 16:22:07,632 - INFO - Loading GreenGreens2 taxonomy...
2025-05-31 16:22:54,208 - INFO - Taxonomy loaded
2025-05-31 16:22:54,209 - INFO - Processing 1pct threshold at Genus level
2025-05-31 16:22:54,606 - WARNING - Some ASVs are missing taxonomy assignments at Genus level for 1pct.
2025-05-31 16:22:57,746 - INFO - Saved mapped BIOM file for Genus at 1pct: ../Data/Tables/Absolute_Abundance_Tables/209766_filtered_by_prevalence_1pct_rare_filtered_Genus-ASV-non-collapse.biom
2025-05-31 16:22:57,749 - INFO - All taxonomy mappings completed for all prevalence thresholds.
