2025-05-02 14:07:33,560 - INFO - Loading GreenGreens2 taxonomy...
2025-05-02 14:08:19,370 - INFO - Taxonomy loaded
2025-05-02 14:08:19,371 - INFO - Processing 10pct threshold at Genus level
2025-05-02 14:08:20,565 - INFO - Saved mapped BIOM file for Genus at 10pct: ../Data/Tables/Absolute_Abundance_Tables/209766_filtered_by_prevalence_10pct_rare_Genus-ASV-non-collapse.biom
2025-05-02 14:08:20,566 - INFO - Writing FASTA using ASV sequences as column names
2025-05-02 14:08:20,581 - INFO - FASTA file written to ../Data/Fasta/209766_filtered_by_prevalence_10pct.fasta
2025-05-02 14:08:20,581 - INFO - Processing 5pct threshold at Genus level
2025-05-02 14:08:22,074 - INFO - Saved mapped BIOM file for Genus at 5pct: ../Data/Tables/Absolute_Abundance_Tables/209766_filtered_by_prevalence_5pct_rare_Genus-ASV-non-collapse.biom
2025-05-02 14:08:22,076 - INFO - Writing FASTA using ASV sequences as column names
2025-05-02 14:08:22,107 - INFO - FASTA file written to ../Data/Fasta/209766_filtered_by_prevalence_5pct.fasta
2025-05-02 14:08:22,107 - INFO - Processing 1pct threshold at Genus level
2025-05-02 14:08:25,451 - INFO - Saved mapped BIOM file for Genus at 1pct: ../Data/Tables/Absolute_Abundance_Tables/209766_filtered_by_prevalence_1pct_rare_Genus-ASV-non-collapse.biom
2025-05-02 14:08:25,454 - INFO - Writing FASTA using ASV sequences as column names
2025-05-02 14:08:25,546 - INFO - FASTA file written to ../Data/Fasta/209766_filtered_by_prevalence_1pct.fasta
2025-05-02 14:08:25,546 - INFO - All taxonomy mappings and FASTA exports completed.
2025-05-02 15:28:46,489 - INFO - Loading GreenGreens2 taxonomy...
2025-05-02 15:29:32,092 - INFO - Taxonomy loaded
2025-05-02 15:29:32,093 - INFO - Processing 10pct threshold at Genus level
2025-05-02 15:29:33,460 - INFO - Saved mapped BIOM file for Genus at 10pct: ../Data/Tables/Absolute_Abundance_Tables/209766_filtered_by_prevalence_10pct_rare_Genus-ASV-non-collapse.biom
2025-05-02 15:29:33,462 - INFO - Writing FASTA using ASV sequences as column names
2025-05-02 15:29:33,479 - INFO - FASTA file written to ../Data/Fasta/209766_filtered_by_prevalence_10pct.fasta
2025-05-02 15:29:33,480 - INFO - Processing 5pct threshold at Genus level
2025-05-02 15:29:35,190 - INFO - Saved mapped BIOM file for Genus at 5pct: ../Data/Tables/Absolute_Abundance_Tables/209766_filtered_by_prevalence_5pct_rare_Genus-ASV-non-collapse.biom
2025-05-02 15:29:35,192 - INFO - Writing FASTA using ASV sequences as column names
2025-05-02 15:29:35,226 - INFO - FASTA file written to ../Data/Fasta/209766_filtered_by_prevalence_5pct.fasta
2025-05-02 15:29:35,226 - INFO - Processing 1pct threshold at Genus level
2025-05-02 15:29:39,115 - INFO - Saved mapped BIOM file for Genus at 1pct: ../Data/Tables/Absolute_Abundance_Tables/209766_filtered_by_prevalence_1pct_rare_Genus-ASV-non-collapse.biom
2025-05-02 15:29:39,119 - INFO - Writing FASTA using ASV sequences as column names
2025-05-02 15:29:39,220 - INFO - FASTA file written to ../Data/Fasta/209766_filtered_by_prevalence_1pct.fasta
2025-05-02 15:29:39,220 - INFO - Processing 0pct threshold at Genus level
2025-05-02 15:29:47,237 - INFO - Saved mapped BIOM file for Genus at 0pct: ../Data/Tables/Absolute_Abundance_Tables/209766_filtered_by_prevalence_0pct_rare_Genus-ASV-non-collapse.biom
2025-05-02 15:29:47,246 - INFO - Writing FASTA using ASV sequences as column names
2025-05-02 15:29:47,527 - INFO - FASTA file written to ../Data/Fasta/209766_filtered_by_prevalence_0pct.fasta
2025-05-02 15:29:47,527 - INFO - All taxonomy mappings and FASTA exports completed.
