2025-05-02 14:10:19,034 - INFO - Running MAFFT on ../Data/Fasta/209766_filtered_by_prevalence_1pct.fasta...
2025-05-02 14:10:21,575 - INFO - Alignment written to ../Data/Fasta/209766_filtered_by_prevalence_1pct.aln.fasta
2025-05-02 14:10:21,575 - INFO - Running FastTree on ../Data/Fasta/209766_filtered_by_prevalence_1pct.aln.fasta...
2025-05-02 14:10:22,428 - INFO - Tree written to ../Data/Trees/209766_filtered_by_prevalence_1pct.tree.nwk
2025-05-02 14:10:22,428 - INFO - Running MAFFT on ../Data/Fasta/209766_filtered_by_prevalence_5pct.fasta...
2025-05-02 14:10:24,089 - INFO - Alignment written to ../Data/Fasta/209766_filtered_by_prevalence_5pct.aln.fasta
2025-05-02 14:10:24,089 - INFO - Running FastTree on ../Data/Fasta/209766_filtered_by_prevalence_5pct.aln.fasta...
2025-05-02 14:10:24,333 - INFO - Tree written to ../Data/Trees/209766_filtered_by_prevalence_5pct.tree.nwk
2025-05-02 14:10:24,333 - INFO - Running MAFFT on ../Data/Fasta/209766_filtered_by_prevalence_10pct.fasta...
2025-05-02 14:10:25,847 - INFO - Alignment written to ../Data/Fasta/209766_filtered_by_prevalence_10pct.aln.fasta
2025-05-02 14:10:25,847 - INFO - Running FastTree on ../Data/Fasta/209766_filtered_by_prevalence_10pct.aln.fasta...
2025-05-02 14:10:25,969 - INFO - Tree written to ../Data/Trees/209766_filtered_by_prevalence_10pct.tree.nwk
2025-05-02 16:17:02,678 - INFO - Running MAFFT on ../Data/Fasta/209766_filtered_by_prevalence_1pct_AD_only.fasta...
2025-05-02 16:17:04,004 - INFO - Alignment written to ../Data/Fasta/209766_filtered_by_prevalence_1pct_AD_only.aln.fasta
2025-05-02 16:17:04,004 - INFO - Running FastTree on ../Data/Fasta/209766_filtered_by_prevalence_1pct_AD_only.aln.fasta...
2025-05-02 16:17:04,936 - INFO - Tree written to ../Data/Trees/209766_filtered_by_prevalence_1pct_AD_only.tree.nwk
2025-05-02 16:17:04,936 - WARNING - Input file ../Data/Fasta/209766_filtered_by_prevalence_5pct_AD_only.fasta not found. Skipping.
2025-05-02 16:17:04,936 - WARNING - Input file ../Data/Fasta/209766_filtered_by_prevalence_10pct_AD_only.fasta not found. Skipping.
2025-05-02 16:17:56,296 - INFO - Running MAFFT on ../Data/Fasta/209766_filtered_by_prevalence_1pct_Healthy_only.fasta...
2025-05-02 16:17:57,557 - INFO - Alignment written to ../Data/Fasta/209766_filtered_by_prevalence_1pct_Healthy_only.aln.fasta
2025-05-02 16:17:57,557 - INFO - Running FastTree on ../Data/Fasta/209766_filtered_by_prevalence_1pct_Healthy_only.aln.fasta...
2025-05-02 16:17:58,431 - INFO - Tree written to ../Data/Trees/209766_filtered_by_prevalence_1pct_Healthy_only.tree.nwk
2025-05-02 16:17:58,431 - WARNING - Input file ../Data/Fasta/209766_filtered_by_prevalence_5pct_Healthy_only.fasta not found. Skipping.
2025-05-02 16:17:58,431 - WARNING - Input file ../Data/Fasta/209766_filtered_by_prevalence_10pct_Healthy_only.fasta not found. Skipping.
