Building DAG of jobs...
Using shell: /usr/bin/bash
Provided cores: 4
Rules claiming more threads will be scaled down.
Job stats:
job                                                  count    min threads    max threads
-------------------------------------------------  -------  -------------  -------------
xebec_all                                                1              1              1
xebec_calculate_alpha_div_effect_sizes                   4              1              1
xebec_calculate_alpha_div_pairwise_effect_sizes          5              1              1
xebec_calculate_beta_div_effect_sizes                    6              1              1
xebec_calculate_beta_div_pairwise_effect_sizes           4              1              1
xebec_concatenate_alpha_div_effect_sizes                 1              1              1
xebec_concatenate_alpha_div_pairwise_effect_sizes        1              1              1
xebec_concatenate_beta_div_effect_sizes                  1              1              1
xebec_concatenate_beta_div_pairwise_effect_sizes         1              1              1
xebec_non_phylo_alpha_div                                2              1              1
xebec_phylo_alpha_div                                    1              1              1
xebec_phylo_beta_div                                     1              1              1
xebec_phylo_rpca                                         1              1              1
xebec_plot_effect_sizes                                  2              1              1
xebec_plot_pairwise_effect_sizes                         2              1              1
xebec_rpca                                               1              1              1
total                                                   34              1              1

Select jobs to execute...

[Wed Nov 27 12:16:01 2024]
rule xebec_rpca:
    input: /home/yac027/16S_AD_South-Africa/Data/Tables/209723_reference-hit_nwk-matched.biom
    output: results/beta_div/non_phylo/rpca/distance-matrix.tsv, results/beta_div/non_phylo/rpca/ordination.txt
    log: logs/rpca.log
    jobid: 29
    reason: Missing output files: results/beta_div/non_phylo/rpca/distance-matrix.tsv
    resources: tmpdir=/tmp


[Wed Nov 27 12:16:05 2024]
rule xebec_calculate_alpha_div_pairwise_effect_sizes:
    input: results/filtered_metadata.tsv, results/alpha_div/non_phylo/observed_otus/vector.tsv
    output: results/alpha_div/non_phylo/observed_otus/pairwise_effect_sizes.tsv
    log: logs/calculate_alpha_div_pairwise_effect_sizes.non_phylo.observed_otus.log
    jobid: 17
    reason: Missing output files: results/alpha_div/non_phylo/observed_otus/pairwise_effect_sizes.tsv
    wildcards: is_phylo=non_phylo, alpha_div_metric=observed_otus
    resources: tmpdir=/tmp

[Wed Nov 27 12:16:05 2024]
rule xebec_phylo_beta_div:
    input: results/rarefied_table.biom, /home/yac027/16S_AD_South-Africa/Data/Trees/209723_insertion_tree.relabelled.nwk
    output: results/beta_div/phylo/unweighted_unifrac/distance-matrix.tsv
    log: logs/unweighted_unifrac.log
    jobid: 31
    reason: Missing output files: results/beta_div/phylo/unweighted_unifrac/distance-matrix.tsv
    wildcards: beta_div_metric=unweighted_unifrac
    resources: tmpdir=/tmp


[Wed Nov 27 12:16:05 2024]
rule xebec_calculate_beta_div_effect_sizes:
    input: results/filtered_metadata.tsv, results/beta_div/phylo/weighted_normalized_unifrac/distance-matrix.tsv
    output: results/beta_div/phylo/weighted_normalized_unifrac/effect_sizes.tsv
    log: logs/calculate_beta_div_effect_sizes.phylo.weighted_normalized_unifrac.log
    jobid: 32
    reason: Missing output files: results/beta_div/phylo/weighted_normalized_unifrac/effect_sizes.tsv
    wildcards: is_phylo=phylo, beta_div_metric=weighted_normalized_unifrac
    resources: tmpdir=/tmp

[Wed Nov 27 12:16:06 2024]
Finished job 31.
1 of 34 steps (3%) done
Select jobs to execute...

[Wed Nov 27 12:16:06 2024]
rule xebec_calculate_beta_div_effect_sizes:
    input: results/filtered_metadata.tsv, results/beta_div/phylo/unweighted_unifrac/distance-matrix.tsv
    output: results/beta_div/phylo/unweighted_unifrac/effect_sizes.tsv
    log: logs/calculate_beta_div_effect_sizes.phylo.unweighted_unifrac.log
    jobid: 30
    reason: Missing output files: results/beta_div/phylo/unweighted_unifrac/effect_sizes.tsv; Input files updated by another job: results/beta_div/phylo/unweighted_unifrac/distance-matrix.tsv
    wildcards: is_phylo=phylo, beta_div_metric=unweighted_unifrac
    resources: tmpdir=/tmp

[Wed Nov 27 12:16:09 2024]
Finished job 32.
2 of 34 steps (6%) done
Select jobs to execute...

[Wed Nov 27 12:16:09 2024]
rule xebec_phylo_rpca:
    input: /home/yac027/16S_AD_South-Africa/Data/Tables/209723_reference-hit_nwk-matched.biom, /home/yac027/16S_AD_South-Africa/Data/Trees/209723_insertion_tree.relabelled.nwk
    output: results/beta_div/phylo/phylo_rpca/distance-matrix.tsv, results/beta_div/phylo/phylo_rpca/ordination.txt
    log: logs/phylo_rpca.log
    jobid: 35
    reason: Missing output files: results/beta_div/phylo/phylo_rpca/distance-matrix.tsv
    resources: tmpdir=/tmp

[Wed Nov 27 12:16:09 2024]
Finished job 17.
3 of 34 steps (9%) done
Select jobs to execute...

[Wed Nov 27 12:16:09 2024]
rule xebec_calculate_alpha_div_effect_sizes:
    input: results/filtered_metadata.tsv, results/alpha_div/non_phylo/observed_otus/vector.tsv
    output: results/alpha_div/non_phylo/observed_otus/effect_sizes.tsv
    log: logs/calculate_alpha_div_effect_sizes.non_phylo.observed_otus.log
    jobid: 3
    reason: Missing output files: results/alpha_div/non_phylo/observed_otus/effect_sizes.tsv
    wildcards: is_phylo=non_phylo, alpha_div_metric=observed_otus
    resources: tmpdir=/tmp

[Wed Nov 27 12:16:10 2024]
Finished job 30.
4 of 34 steps (12%) done
Select jobs to execute...

[Wed Nov 27 12:16:10 2024]
rule xebec_phylo_alpha_div:
    input: results/rarefied_table.biom, /home/yac027/16S_AD_South-Africa/Data/Trees/209723_insertion_tree.relabelled.nwk
    output: results/alpha_div/phylo/faith_pd/vector.tsv
    log: logs/faith_pd.log
    jobid: 14
    reason: Missing output files: results/alpha_div/phylo/faith_pd/vector.tsv
    wildcards: alpha_div_metric=faith_pd
    resources: tmpdir=/tmp

[Wed Nov 27 12:16:11 2024]
Finished job 3.
5 of 34 steps (15%) done
Select jobs to execute...

[Wed Nov 27 12:16:11 2024]
rule xebec_non_phylo_alpha_div:
    input: results/rarefied_table.biom
    output: results/alpha_div/non_phylo/chao1/vector.tsv
    log: logs/chao1.log
    jobid: 12
    reason: Missing output files: results/alpha_div/non_phylo/chao1/vector.tsv
    wildcards: alpha_div_metric=chao1
    resources: tmpdir=/tmp

[Wed Nov 27 12:16:14 2024]
Finished job 12.
6 of 34 steps (18%) done
Select jobs to execute...

[Wed Nov 27 12:16:14 2024]
rule xebec_calculate_alpha_div_effect_sizes:
    input: results/filtered_metadata.tsv, results/alpha_div/non_phylo/chao1/vector.tsv
    output: results/alpha_div/non_phylo/chao1/effect_sizes.tsv
    log: logs/calculate_alpha_div_effect_sizes.non_phylo.chao1.log
    jobid: 11
    reason: Missing output files: results/alpha_div/non_phylo/chao1/effect_sizes.tsv; Input files updated by another job: results/alpha_div/non_phylo/chao1/vector.tsv
    wildcards: is_phylo=non_phylo, alpha_div_metric=chao1
    resources: tmpdir=/tmp

[Wed Nov 27 12:16:17 2024]
Finished job 11.
7 of 34 steps (21%) done
Select jobs to execute...

[Wed Nov 27 12:16:17 2024]
rule xebec_calculate_beta_div_pairwise_effect_sizes:
    input: results/filtered_metadata.tsv, results/beta_div/non_phylo/braycurtis/distance-matrix.tsv
    output: results/beta_div/non_phylo/braycurtis/pairwise_effect_sizes.tsv
    log: logs/calculate_beta_div_pairwise_effect_sizes.non_phylo.braycurtis.log
    jobid: 38
    reason: Missing output files: results/beta_div/non_phylo/braycurtis/pairwise_effect_sizes.tsv
    wildcards: is_phylo=non_phylo, beta_div_metric=braycurtis
    resources: tmpdir=/tmp

[Wed Nov 27 12:16:19 2024]
Finished job 38.
8 of 34 steps (24%) done
Select jobs to execute...

[Wed Nov 27 12:16:19 2024]
rule xebec_calculate_beta_div_effect_sizes:
    input: results/filtered_metadata.tsv, results/beta_div/non_phylo/jaccard/distance-matrix.tsv
    output: results/beta_div/non_phylo/jaccard/effect_sizes.tsv
    log: logs/calculate_beta_div_effect_sizes.non_phylo.jaccard.log
    jobid: 26
    reason: Missing output files: results/beta_div/non_phylo/jaccard/effect_sizes.tsv
    wildcards: is_phylo=non_phylo, beta_div_metric=jaccard
    resources: tmpdir=/tmp

[Wed Nov 27 12:16:21 2024]
Finished job 26.
9 of 34 steps (26%) done
Select jobs to execute...

[Wed Nov 27 12:16:22 2024]
rule xebec_calculate_beta_div_effect_sizes:
    input: results/filtered_metadata.tsv, results/beta_div/non_phylo/braycurtis/distance-matrix.tsv
    output: results/beta_div/non_phylo/braycurtis/effect_sizes.tsv
    log: logs/calculate_beta_div_effect_sizes.non_phylo.braycurtis.log
    jobid: 24
    reason: Missing output files: results/beta_div/non_phylo/braycurtis/effect_sizes.tsv
    wildcards: is_phylo=non_phylo, beta_div_metric=braycurtis
    resources: tmpdir=/tmp

[Wed Nov 27 12:16:25 2024]
Finished job 24.
10 of 34 steps (29%) done
Select jobs to execute...

[Wed Nov 27 12:16:25 2024]
rule xebec_calculate_alpha_div_pairwise_effect_sizes:
    input: results/filtered_metadata.tsv, results/alpha_div/non_phylo/shannon/vector.tsv
    output: results/alpha_div/non_phylo/shannon/pairwise_effect_sizes.tsv
    log: logs/calculate_alpha_div_pairwise_effect_sizes.non_phylo.shannon.log
    jobid: 18
    reason: Missing output files: results/alpha_div/non_phylo/shannon/pairwise_effect_sizes.tsv
    wildcards: is_phylo=non_phylo, alpha_div_metric=shannon
    resources: tmpdir=/tmp

[Wed Nov 27 12:16:27 2024]
Finished job 18.
11 of 34 steps (32%) done
Select jobs to execute...

[Wed Nov 27 12:16:27 2024]
rule xebec_non_phylo_alpha_div:
    input: results/rarefied_table.biom
    output: results/alpha_div/non_phylo/pielou_e/vector.tsv
    log: logs/pielou_e.log
    jobid: 10
    reason: Missing output files: results/alpha_div/non_phylo/pielou_e/vector.tsv
    wildcards: alpha_div_metric=pielou_e
    resources: tmpdir=/tmp

[Wed Nov 27 12:16:30 2024]
Finished job 10.
12 of 34 steps (35%) done
Select jobs to execute...

[Wed Nov 27 12:16:30 2024]
rule xebec_calculate_alpha_div_pairwise_effect_sizes:
    input: results/filtered_metadata.tsv, results/alpha_div/non_phylo/pielou_e/vector.tsv
    output: results/alpha_div/non_phylo/pielou_e/pairwise_effect_sizes.tsv
    log: logs/calculate_alpha_div_pairwise_effect_sizes.non_phylo.pielou_e.log
    jobid: 19
    reason: Missing output files: results/alpha_div/non_phylo/pielou_e/pairwise_effect_sizes.tsv; Input files updated by another job: results/alpha_div/non_phylo/pielou_e/vector.tsv
    wildcards: is_phylo=non_phylo, alpha_div_metric=pielou_e
    resources: tmpdir=/tmp

[Wed Nov 27 12:16:32 2024]
Finished job 19.
13 of 34 steps (38%) done
Select jobs to execute...

[Wed Nov 27 12:16:32 2024]
rule xebec_calculate_alpha_div_effect_sizes:
    input: results/filtered_metadata.tsv, results/alpha_div/non_phylo/pielou_e/vector.tsv
    output: results/alpha_div/non_phylo/pielou_e/effect_sizes.tsv
    log: logs/calculate_alpha_div_effect_sizes.non_phylo.pielou_e.log
    jobid: 9
    reason: Missing output files: results/alpha_div/non_phylo/pielou_e/effect_sizes.tsv; Input files updated by another job: results/alpha_div/non_phylo/pielou_e/vector.tsv
    wildcards: is_phylo=non_phylo, alpha_div_metric=pielou_e
    resources: tmpdir=/tmp

[Wed Nov 27 12:16:33 2024]
Finished job 14.
14 of 34 steps (41%) done
Select jobs to execute...

[Wed Nov 27 12:16:33 2024]
rule xebec_calculate_alpha_div_effect_sizes:
    input: results/filtered_metadata.tsv, results/alpha_div/phylo/faith_pd/vector.tsv
    output: results/alpha_div/phylo/faith_pd/effect_sizes.tsv
    log: logs/calculate_alpha_div_effect_sizes.phylo.faith_pd.log
    jobid: 13
    reason: Missing output files: results/alpha_div/phylo/faith_pd/effect_sizes.tsv; Input files updated by another job: results/alpha_div/phylo/faith_pd/vector.tsv
    wildcards: is_phylo=phylo, alpha_div_metric=faith_pd
    resources: tmpdir=/tmp

[Wed Nov 27 12:16:34 2024]
Finished job 9.
15 of 34 steps (44%) done
Select jobs to execute...

[Wed Nov 27 12:16:34 2024]
rule xebec_calculate_alpha_div_pairwise_effect_sizes:
    input: results/filtered_metadata.tsv, results/alpha_div/phylo/faith_pd/vector.tsv
    output: results/alpha_div/phylo/faith_pd/pairwise_effect_sizes.tsv
    log: logs/calculate_alpha_div_pairwise_effect_sizes.phylo.faith_pd.log
    jobid: 21
    reason: Missing output files: results/alpha_div/phylo/faith_pd/pairwise_effect_sizes.tsv; Input files updated by another job: results/alpha_div/phylo/faith_pd/vector.tsv
    wildcards: is_phylo=phylo, alpha_div_metric=faith_pd
    resources: tmpdir=/tmp

[Wed Nov 27 12:16:35 2024]
Finished job 13.
16 of 34 steps (47%) done
Select jobs to execute...

[Wed Nov 27 12:16:35 2024]
rule xebec_concatenate_alpha_div_effect_sizes:
    input: results/alpha_div/non_phylo/observed_otus/effect_sizes.tsv, results/alpha_div/non_phylo/shannon/effect_sizes.tsv, results/alpha_div/non_phylo/pielou_e/effect_sizes.tsv, results/alpha_div/non_phylo/chao1/effect_sizes.tsv, results/alpha_div/phylo/faith_pd/effect_sizes.tsv
    output: results/alpha_div/all_metrics_effect_sizes.tsv
    log: logs/concatenate_alpha_div_effect_sizes.log
    jobid: 2
    reason: Missing output files: results/alpha_div/all_metrics_effect_sizes.tsv; Input files updated by another job: results/alpha_div/phylo/faith_pd/effect_sizes.tsv, results/alpha_div/non_phylo/chao1/effect_sizes.tsv, results/alpha_div/non_phylo/observed_otus/effect_sizes.tsv, results/alpha_div/non_phylo/pielou_e/effect_sizes.tsv
    resources: tmpdir=/tmp

[Wed Nov 27 12:16:36 2024]
Finished job 2.
17 of 34 steps (50%) done
Select jobs to execute...

[Wed Nov 27 12:16:36 2024]
rule xebec_plot_effect_sizes:
    input: results/alpha_div/all_metrics_effect_sizes.tsv
    output: results/alpha_div/effect_size_plot.html
    log: logs/plot_alpha_div_effect_sizes.log
    jobid: 1
    reason: Missing output files: results/alpha_div/effect_size_plot.html; Input files updated by another job: results/alpha_div/all_metrics_effect_sizes.tsv
    wildcards: diversity_type=alpha_div
    resources: tmpdir=/tmp

[Wed Nov 27 12:16:37 2024]
Finished job 21.
18 of 34 steps (53%) done
Select jobs to execute...

[Wed Nov 27 12:16:37 2024]
rule xebec_calculate_alpha_div_pairwise_effect_sizes:
    input: results/filtered_metadata.tsv, results/alpha_div/non_phylo/chao1/vector.tsv
    output: results/alpha_div/non_phylo/chao1/pairwise_effect_sizes.tsv
    log: logs/calculate_alpha_div_pairwise_effect_sizes.non_phylo.chao1.log
    jobid: 20
    reason: Missing output files: results/alpha_div/non_phylo/chao1/pairwise_effect_sizes.tsv; Input files updated by another job: results/alpha_div/non_phylo/chao1/vector.tsv
    wildcards: is_phylo=non_phylo, alpha_div_metric=chao1
    resources: tmpdir=/tmp

[Wed Nov 27 12:16:40 2024]
Finished job 20.
19 of 34 steps (56%) done
Select jobs to execute...

[Wed Nov 27 12:16:40 2024]
rule xebec_calculate_beta_div_pairwise_effect_sizes:
    input: results/filtered_metadata.tsv, results/beta_div/phylo/unweighted_unifrac/distance-matrix.tsv
    output: results/beta_div/phylo/unweighted_unifrac/pairwise_effect_sizes.tsv
    log: logs/calculate_beta_div_pairwise_effect_sizes.phylo.unweighted_unifrac.log
    jobid: 41
    reason: Missing output files: results/beta_div/phylo/unweighted_unifrac/pairwise_effect_sizes.tsv; Input files updated by another job: results/beta_div/phylo/unweighted_unifrac/distance-matrix.tsv
    wildcards: is_phylo=phylo, beta_div_metric=unweighted_unifrac
    resources: tmpdir=/tmp

[Wed Nov 27 12:16:40 2024]
Error in rule xebec_plot_effect_sizes:
    jobid: 1
    input: results/alpha_div/all_metrics_effect_sizes.tsv
    output: results/alpha_div/effect_size_plot.html
    log: logs/plot_alpha_div_effect_sizes.log (check log file(s) for error details)

[Wed Nov 27 12:16:42 2024]
Finished job 41.
20 of 34 steps (59%) done
[Wed Nov 27 12:17:53 2024]
Error in rule xebec_phylo_rpca:
    jobid: 35
    input: /home/yac027/16S_AD_South-Africa/Data/Tables/209723_reference-hit_nwk-matched.biom, /home/yac027/16S_AD_South-Africa/Data/Trees/209723_insertion_tree.relabelled.nwk
    output: results/beta_div/phylo/phylo_rpca/distance-matrix.tsv, results/beta_div/phylo/phylo_rpca/ordination.txt
    log: logs/phylo_rpca.log (check log file(s) for error details)
    shell:
        
        gemelli phylogenetic-rpca             --in-biom /home/yac027/16S_AD_South-Africa/Data/Tables/209723_reference-hit_nwk-matched.biom             --in-phylogeny /home/yac027/16S_AD_South-Africa/Data/Trees/209723_insertion_tree.relabelled.nwk             --output-dir results/beta_div/phylo/phylo_rpca             --n-components 3             --min-sample-count 0 > logs/phylo_rpca.log 2>&1
        
        (one of the commands exited with non-zero exit code; note that snakemake uses bash strict mode!)

[Wed Nov 27 12:19:25 2024]
Finished job 29.
21 of 34 steps (62%) done
Shutting down, this might take some time.
Exiting because a job execution failed. Look above for error message
Complete log: .snakemake/log/2024-11-27T121537.042051.snakemake.log
