Building DAG of jobs...
Using shell: /usr/bin/bash
Provided cores: 4
Rules claiming more threads will be scaled down.
Job stats:
job                                                  count    min threads    max threads
-------------------------------------------------  -------  -------------  -------------
xebec_all                                                1              1              1
xebec_calculate_alpha_div_effect_sizes                   5              1              1
xebec_calculate_alpha_div_pairwise_effect_sizes          5              1              1
xebec_calculate_beta_div_effect_sizes                    6              1              1
xebec_calculate_beta_div_pairwise_effect_sizes           6              1              1
xebec_concatenate_alpha_div_effect_sizes                 1              1              1
xebec_concatenate_alpha_div_pairwise_effect_sizes        1              1              1
xebec_concatenate_beta_div_effect_sizes                  1              1              1
xebec_concatenate_beta_div_pairwise_effect_sizes         1              1              1
xebec_non_phylo_alpha_div                                3              1              1
xebec_non_phylo_beta_div                                 2              1              1
xebec_phylo_alpha_div                                    1              1              1
xebec_phylo_beta_div                                     1              1              1
xebec_phylo_rpca                                         1              1              1
xebec_plot_effect_sizes                                  2              1              1
xebec_plot_pairwise_effect_sizes                         2              1              1
xebec_rpca                                               1              1              1
total                                                   40              1              1

Select jobs to execute...

[Wed Nov 27 12:08:19 2024]
rule xebec_phylo_rpca:
    input: /home/yac027/16S_AD_South-Africa/Data/Tables/209723_reference-hit_nwk-matched.biom, /home/yac027/16S_AD_South-Africa/Data/Trees/209723_insertion_tree.relabelled.nwk
    output: results/beta_div/phylo/phylo_rpca/distance-matrix.tsv, results/beta_div/phylo/phylo_rpca/ordination.txt
    log: logs/phylo_rpca.log
    jobid: 35
    reason: Missing output files: results/beta_div/phylo/phylo_rpca/distance-matrix.tsv
    resources: tmpdir=/tmp


[Wed Nov 27 12:08:20 2024]
rule xebec_calculate_beta_div_pairwise_effect_sizes:
    input: results/filtered_metadata.tsv, results/beta_div/phylo/weighted_normalized_unifrac/distance-matrix.tsv
    output: results/beta_div/phylo/weighted_normalized_unifrac/pairwise_effect_sizes.tsv
    log: logs/calculate_beta_div_pairwise_effect_sizes.phylo.weighted_normalized_unifrac.log
    jobid: 42
    reason: Missing output files: results/beta_div/phylo/weighted_normalized_unifrac/pairwise_effect_sizes.tsv
    wildcards: is_phylo=phylo, beta_div_metric=weighted_normalized_unifrac
    resources: tmpdir=/tmp

[Wed Nov 27 12:08:20 2024]
rule xebec_rpca:
    input: /home/yac027/16S_AD_South-Africa/Data/Tables/209723_reference-hit_nwk-matched.biom
    output: results/beta_div/non_phylo/rpca/distance-matrix.tsv, results/beta_div/non_phylo/rpca/ordination.txt
    log: logs/rpca.log
    jobid: 29
    reason: Missing output files: results/beta_div/non_phylo/rpca/distance-matrix.tsv
    resources: tmpdir=/tmp


[Wed Nov 27 12:08:20 2024]
rule xebec_non_phylo_beta_div:
    input: results/rarefied_table.biom
    output: results/beta_div/non_phylo/braycurtis/distance-matrix.tsv
    log: logs/braycurtis.log
    jobid: 25
    reason: Missing output files: results/beta_div/non_phylo/braycurtis/distance-matrix.tsv
    wildcards: beta_div_metric=braycurtis
    resources: tmpdir=/tmp

[Wed Nov 27 12:08:23 2024]
Finished job 42.
1 of 40 steps (2%) done
Select jobs to execute...

[Wed Nov 27 12:08:24 2024]
rule xebec_non_phylo_beta_div:
    input: results/rarefied_table.biom
    output: results/beta_div/non_phylo/jaccard/distance-matrix.tsv
    log: logs/jaccard.log
    jobid: 27
    reason: Missing output files: results/beta_div/non_phylo/jaccard/distance-matrix.tsv
    wildcards: beta_div_metric=jaccard
    resources: tmpdir=/tmp

[Wed Nov 27 12:08:26 2024]
Finished job 25.
2 of 40 steps (5%) done
Select jobs to execute...

[Wed Nov 27 12:08:26 2024]
rule xebec_calculate_alpha_div_effect_sizes:
    input: results/filtered_metadata.tsv, results/alpha_div/non_phylo/shannon/vector.tsv
    output: results/alpha_div/non_phylo/shannon/effect_sizes.tsv
    log: logs/calculate_alpha_div_effect_sizes.non_phylo.shannon.log
    jobid: 7
    reason: Missing output files: results/alpha_div/non_phylo/shannon/effect_sizes.tsv
    wildcards: is_phylo=non_phylo, alpha_div_metric=shannon
    resources: tmpdir=/tmp

[Wed Nov 27 12:08:28 2024]
Finished job 27.
3 of 40 steps (8%) done
Select jobs to execute...

[Wed Nov 27 12:08:28 2024]
rule xebec_non_phylo_alpha_div:
    input: results/rarefied_table.biom
    output: results/alpha_div/non_phylo/observed_otus/vector.tsv
    log: logs/observed_otus.log
    jobid: 5
    reason: Missing output files: results/alpha_div/non_phylo/observed_otus/vector.tsv
    wildcards: alpha_div_metric=observed_otus
    resources: tmpdir=/tmp

[Wed Nov 27 12:08:28 2024]
Finished job 7.
4 of 40 steps (10%) done
Select jobs to execute...

[Wed Nov 27 12:08:28 2024]
rule xebec_calculate_beta_div_pairwise_effect_sizes:
    input: results/filtered_metadata.tsv, results/beta_div/non_phylo/jaccard/distance-matrix.tsv
    output: results/beta_div/non_phylo/jaccard/pairwise_effect_sizes.tsv
    log: logs/calculate_beta_div_pairwise_effect_sizes.non_phylo.jaccard.log
    jobid: 39
    reason: Missing output files: results/beta_div/non_phylo/jaccard/pairwise_effect_sizes.tsv; Input files updated by another job: results/beta_div/non_phylo/jaccard/distance-matrix.tsv
    wildcards: is_phylo=non_phylo, beta_div_metric=jaccard
    resources: tmpdir=/tmp

[Wed Nov 27 12:08:29 2024]
Error in rule xebec_rpca:
    jobid: 29
    input: /home/yac027/16S_AD_South-Africa/Data/Tables/209723_reference-hit_nwk-matched.biom
    output: results/beta_div/non_phylo/rpca/distance-matrix.tsv, results/beta_div/non_phylo/rpca/ordination.txt
    log: logs/rpca.log (check log file(s) for error details)
    shell:
        
        gemelli rpca             --in-biom /home/yac027/16S_AD_South-Africa/Data/Tables/209723_reference-hit_nwk-matched.biom             --output-dir results/beta_div/non_phylo/rpca             --n-components 3             --min-sample-count 0 > logs/rpca.log 2>&1
        
        (one of the commands exited with non-zero exit code; note that snakemake uses bash strict mode!)

[Wed Nov 27 12:08:30 2024]
Finished job 5.
5 of 40 steps (12%) done
[Wed Nov 27 12:08:31 2024]
Finished job 39.
6 of 40 steps (15%) done
[Wed Nov 27 12:08:43 2024]
Error in rule xebec_phylo_rpca:
    jobid: 35
    input: /home/yac027/16S_AD_South-Africa/Data/Tables/209723_reference-hit_nwk-matched.biom, /home/yac027/16S_AD_South-Africa/Data/Trees/209723_insertion_tree.relabelled.nwk
    output: results/beta_div/phylo/phylo_rpca/distance-matrix.tsv, results/beta_div/phylo/phylo_rpca/ordination.txt
    log: logs/phylo_rpca.log (check log file(s) for error details)
    shell:
        
        gemelli phylogenetic-rpca             --in-biom /home/yac027/16S_AD_South-Africa/Data/Tables/209723_reference-hit_nwk-matched.biom             --in-phylogeny /home/yac027/16S_AD_South-Africa/Data/Trees/209723_insertion_tree.relabelled.nwk             --output-dir results/beta_div/phylo/phylo_rpca             --n-components 3             --min-sample-count 0 > logs/phylo_rpca.log 2>&1
        
        (one of the commands exited with non-zero exit code; note that snakemake uses bash strict mode!)

Shutting down, this might take some time.
Exiting because a job execution failed. Look above for error message
Complete log: .snakemake/log/2024-11-27T120814.561267.snakemake.log
